{"/mnt/c/Users/gangu/Desktop/Onlinetestintern/online_test_advay/frontend/src/store/manageCourseStore.js": {"path":"/mnt/c/Users/gangu/Desktop/Onlinetestintern/online_test_advay/frontend/src/store/manageCourseStore.js","statementMap":{"0":{"start":{"line":16,"column":26},"end":{"line":22,"column":1}},"1":{"start":{"line":24,"column":26},"end":{"line":30,"column":1}},"2":{"start":{"line":32,"column":24},"end":{"line":47,"column":1}},"3":{"start":{"line":49,"column":28},"end":{"line":53,"column":1}},"4":{"start":{"line":55,"column":28},"end":{"line":1071,"column":3}},"5":{"start":{"line":55,"column":51},"end":{"line":1071,"column":1}},"6":{"start":{"line":86,"column":27},"end":{"line":86,"column":50}},"7":{"start":{"line":87,"column":32},"end":{"line":87,"column":60}},"8":{"start":{"line":88,"column":41},"end":{"line":88,"column":78}},"9":{"start":{"line":89,"column":31},"end":{"line":89,"column":58}},"10":{"start":{"line":93,"column":8},"end":{"line":93,"column":null}},"11":{"start":{"line":94,"column":8},"end":{"line":109,"column":null}},"12":{"start":{"line":95,"column":31},"end":{"line":95,"column":63}},"13":{"start":{"line":96,"column":12},"end":{"line":96,"column":null}},"14":{"start":{"line":96,"column":29},"end":{"line":96,"column":null}},"15":{"start":{"line":97,"column":12},"end":{"line":97,"column":null}},"16":{"start":{"line":97,"column":34},"end":{"line":97,"column":null}},"17":{"start":{"line":98,"column":12},"end":{"line":98,"column":null}},"18":{"start":{"line":99,"column":12},"end":{"line":104,"column":null}},"19":{"start":{"line":100,"column":16},"end":{"line":100,"column":null}},"20":{"start":{"line":102,"column":36},"end":{"line":102,"column":68}},"21":{"start":{"line":103,"column":16},"end":{"line":103,"column":null}},"22":{"start":{"line":106,"column":12},"end":{"line":106,"column":null}},"23":{"start":{"line":108,"column":12},"end":{"line":108,"column":null}},"24":{"start":{"line":114,"column":8},"end":{"line":114,"column":null}},"25":{"start":{"line":115,"column":8},"end":{"line":122,"column":null}},"26":{"start":{"line":116,"column":25},"end":{"line":116,"column":59}},"27":{"start":{"line":117,"column":12},"end":{"line":117,"column":null}},"28":{"start":{"line":119,"column":12},"end":{"line":119,"column":null}},"29":{"start":{"line":121,"column":12},"end":{"line":121,"column":null}},"30":{"start":{"line":131,"column":8},"end":{"line":131,"column":null}},"31":{"start":{"line":132,"column":8},"end":{"line":145,"column":null}},"32":{"start":{"line":133,"column":25},"end":{"line":133,"column":61}},"33":{"start":{"line":134,"column":12},"end":{"line":140,"column":null}},"34":{"start":{"line":142,"column":12},"end":{"line":142,"column":null}},"35":{"start":{"line":144,"column":12},"end":{"line":144,"column":null}},"36":{"start":{"line":149,"column":8},"end":{"line":149,"column":null}},"37":{"start":{"line":150,"column":8},"end":{"line":157,"column":null}},"38":{"start":{"line":151,"column":12},"end":{"line":151,"column":null}},"39":{"start":{"line":152,"column":12},"end":{"line":152,"column":null}},"40":{"start":{"line":154,"column":12},"end":{"line":154,"column":null}},"41":{"start":{"line":156,"column":12},"end":{"line":156,"column":null}},"42":{"start":{"line":161,"column":8},"end":{"line":161,"column":null}},"43":{"start":{"line":162,"column":8},"end":{"line":169,"column":null}},"44":{"start":{"line":163,"column":12},"end":{"line":163,"column":null}},"45":{"start":{"line":164,"column":12},"end":{"line":164,"column":null}},"46":{"start":{"line":166,"column":12},"end":{"line":166,"column":null}},"47":{"start":{"line":168,"column":12},"end":{"line":168,"column":null}},"48":{"start":{"line":173,"column":8},"end":{"line":173,"column":null}},"49":{"start":{"line":174,"column":8},"end":{"line":181,"column":null}},"50":{"start":{"line":175,"column":12},"end":{"line":175,"column":null}},"51":{"start":{"line":176,"column":12},"end":{"line":176,"column":null}},"52":{"start":{"line":178,"column":12},"end":{"line":178,"column":null}},"53":{"start":{"line":180,"column":12},"end":{"line":180,"column":null}},"54":{"start":{"line":190,"column":8},"end":{"line":190,"column":null}},"55":{"start":{"line":191,"column":8},"end":{"line":198,"column":null}},"56":{"start":{"line":192,"column":25},"end":{"line":192,"column":56}},"57":{"start":{"line":193,"column":12},"end":{"line":193,"column":null}},"58":{"start":{"line":195,"column":12},"end":{"line":195,"column":null}},"59":{"start":{"line":197,"column":12},"end":{"line":197,"column":null}},"60":{"start":{"line":202,"column":8},"end":{"line":202,"column":null}},"61":{"start":{"line":203,"column":8},"end":{"line":211,"column":null}},"62":{"start":{"line":204,"column":12},"end":{"line":204,"column":null}},"63":{"start":{"line":205,"column":12},"end":{"line":205,"column":null}},"64":{"start":{"line":206,"column":12},"end":{"line":206,"column":null}},"65":{"start":{"line":208,"column":12},"end":{"line":208,"column":null}},"66":{"start":{"line":210,"column":12},"end":{"line":210,"column":null}},"67":{"start":{"line":215,"column":8},"end":{"line":215,"column":null}},"68":{"start":{"line":216,"column":8},"end":{"line":224,"column":null}},"69":{"start":{"line":217,"column":12},"end":{"line":217,"column":null}},"70":{"start":{"line":218,"column":12},"end":{"line":218,"column":null}},"71":{"start":{"line":219,"column":12},"end":{"line":219,"column":null}},"72":{"start":{"line":221,"column":12},"end":{"line":221,"column":null}},"73":{"start":{"line":223,"column":12},"end":{"line":223,"column":null}},"74":{"start":{"line":228,"column":8},"end":{"line":228,"column":null}},"75":{"start":{"line":229,"column":8},"end":{"line":237,"column":null}},"76":{"start":{"line":230,"column":12},"end":{"line":230,"column":null}},"77":{"start":{"line":231,"column":12},"end":{"line":231,"column":null}},"78":{"start":{"line":232,"column":12},"end":{"line":232,"column":null}},"79":{"start":{"line":234,"column":12},"end":{"line":234,"column":null}},"80":{"start":{"line":236,"column":12},"end":{"line":236,"column":null}},"81":{"start":{"line":241,"column":8},"end":{"line":241,"column":null}},"82":{"start":{"line":242,"column":8},"end":{"line":249,"column":null}},"83":{"start":{"line":243,"column":12},"end":{"line":243,"column":null}},"84":{"start":{"line":244,"column":12},"end":{"line":244,"column":null}},"85":{"start":{"line":246,"column":12},"end":{"line":246,"column":null}},"86":{"start":{"line":248,"column":12},"end":{"line":248,"column":null}},"87":{"start":{"line":253,"column":8},"end":{"line":253,"column":null}},"88":{"start":{"line":254,"column":8},"end":{"line":261,"column":null}},"89":{"start":{"line":255,"column":12},"end":{"line":255,"column":null}},"90":{"start":{"line":256,"column":12},"end":{"line":256,"column":null}},"91":{"start":{"line":258,"column":12},"end":{"line":258,"column":null}},"92":{"start":{"line":260,"column":12},"end":{"line":260,"column":null}},"93":{"start":{"line":266,"column":24},"end":{"line":266,"column":37}},"94":{"start":{"line":267,"column":31},"end":{"line":267,"column":91}},"95":{"start":{"line":267,"column":59},"end":{"line":267,"column":90}},"96":{"start":{"line":268,"column":8},"end":{"line":268,"column":null}},"97":{"start":{"line":268,"column":51},"end":{"line":268,"column":55}},"98":{"start":{"line":269,"column":23},"end":{"line":269,"column":25}},"99":{"start":{"line":270,"column":8},"end":{"line":278,"column":null}},"100":{"start":{"line":271,"column":12},"end":{"line":277,"column":null}},"101":{"start":{"line":272,"column":37},"end":{"line":272,"column":102}},"102":{"start":{"line":272,"column":70},"end":{"line":272,"column":101}},"103":{"start":{"line":273,"column":16},"end":{"line":276,"column":null}},"104":{"start":{"line":273,"column":59},"end":{"line":276,"column":17}},"105":{"start":{"line":279,"column":8},"end":{"line":279,"column":null}},"106":{"start":{"line":283,"column":28},"end":{"line":283,"column":50}},"107":{"start":{"line":284,"column":29},"end":{"line":284,"column":58}},"108":{"start":{"line":285,"column":8},"end":{"line":285,"column":null}},"109":{"start":{"line":285,"column":33},"end":{"line":285,"column":null}},"110":{"start":{"line":286,"column":25},"end":{"line":286,"column":81}},"111":{"start":{"line":287,"column":8},"end":{"line":287,"column":null}},"112":{"start":{"line":287,"column":60},"end":{"line":287,"column":null}},"113":{"start":{"line":288,"column":8},"end":{"line":288,"column":null}},"114":{"start":{"line":289,"column":8},"end":{"line":289,"column":null}},"115":{"start":{"line":293,"column":8},"end":{"line":293,"column":null}},"116":{"start":{"line":294,"column":8},"end":{"line":304,"column":null}},"117":{"start":{"line":295,"column":32},"end":{"line":295,"column":49}},"118":{"start":{"line":296,"column":33},"end":{"line":299,"column":15}},"119":{"start":{"line":296,"column":71},"end":{"line":299,"column":13}},"120":{"start":{"line":300,"column":12},"end":{"line":300,"column":null}},"121":{"start":{"line":301,"column":12},"end":{"line":301,"column":null}},"122":{"start":{"line":303,"column":12},"end":{"line":303,"column":null}},"123":{"start":{"line":308,"column":27},"end":{"line":308,"column":50}},"124":{"start":{"line":309,"column":22},"end":{"line":309,"column":48}},"125":{"start":{"line":310,"column":29},"end":{"line":310,"column":71}},"126":{"start":{"line":310,"column":50},"end":{"line":310,"column":70}},"127":{"start":{"line":311,"column":8},"end":{"line":311,"column":null}},"128":{"start":{"line":311,"column":33},"end":{"line":311,"column":null}},"129":{"start":{"line":312,"column":25},"end":{"line":312,"column":81}},"130":{"start":{"line":313,"column":8},"end":{"line":313,"column":null}},"131":{"start":{"line":313,"column":54},"end":{"line":313,"column":null}},"132":{"start":{"line":314,"column":8},"end":{"line":314,"column":null}},"133":{"start":{"line":315,"column":8},"end":{"line":315,"column":null}},"134":{"start":{"line":316,"column":8},"end":{"line":316,"column":null}},"135":{"start":{"line":320,"column":8},"end":{"line":320,"column":null}},"136":{"start":{"line":321,"column":8},"end":{"line":331,"column":null}},"137":{"start":{"line":322,"column":26},"end":{"line":322,"column":58}},"138":{"start":{"line":323,"column":35},"end":{"line":326,"column":15}},"139":{"start":{"line":323,"column":63},"end":{"line":326,"column":13}},"140":{"start":{"line":327,"column":12},"end":{"line":327,"column":null}},"141":{"start":{"line":328,"column":12},"end":{"line":328,"column":null}},"142":{"start":{"line":330,"column":12},"end":{"line":330,"column":null}},"143":{"start":{"line":335,"column":32},"end":{"line":335,"column":60}},"144":{"start":{"line":336,"column":31},"end":{"line":336,"column":58}},"145":{"start":{"line":337,"column":33},"end":{"line":337,"column":62}},"146":{"start":{"line":340,"column":47},"end":{"line":340,"column":55}},"147":{"start":{"line":341,"column":8},"end":{"line":346,"column":null}},"148":{"start":{"line":341,"column":22},"end":{"line":346,"column":9}},"149":{"start":{"line":350,"column":8},"end":{"line":350,"column":null}},"150":{"start":{"line":351,"column":8},"end":{"line":351,"column":null}},"151":{"start":{"line":352,"column":8},"end":{"line":352,"column":null}},"152":{"start":{"line":356,"column":8},"end":{"line":356,"column":null}},"153":{"start":{"line":357,"column":8},"end":{"line":357,"column":null}},"154":{"start":{"line":358,"column":8},"end":{"line":358,"column":null}},"155":{"start":{"line":362,"column":8},"end":{"line":362,"column":null}},"156":{"start":{"line":363,"column":8},"end":{"line":363,"column":null}},"157":{"start":{"line":367,"column":8},"end":{"line":377,"column":null}},"158":{"start":{"line":381,"column":8},"end":{"line":385,"column":null}},"159":{"start":{"line":392,"column":32},"end":{"line":392,"column":60}},"160":{"start":{"line":393,"column":32},"end":{"line":393,"column":60}},"161":{"start":{"line":394,"column":34},"end":{"line":394,"column":64}},"162":{"start":{"line":395,"column":33},"end":{"line":395,"column":62}},"163":{"start":{"line":398,"column":54},"end":{"line":398,"column":62}},"164":{"start":{"line":399,"column":8},"end":{"line":413,"column":null}},"165":{"start":{"line":399,"column":22},"end":{"line":413,"column":9}},"166":{"start":{"line":418,"column":25},"end":{"line":420,"column":15}},"167":{"start":{"line":419,"column":48},"end":{"line":419,"column":55}},"168":{"start":{"line":421,"column":8},"end":{"line":426,"column":null}},"169":{"start":{"line":432,"column":25},"end":{"line":432,"column":41}},"170":{"start":{"line":433,"column":8},"end":{"line":436,"column":null}},"171":{"start":{"line":434,"column":12},"end":{"line":434,"column":null}},"172":{"start":{"line":435,"column":12},"end":{"line":435,"column":null}},"173":{"start":{"line":438,"column":8},"end":{"line":438,"column":null}},"174":{"start":{"line":440,"column":8},"end":{"line":470,"column":null}},"175":{"start":{"line":442,"column":31},"end":{"line":442,"column":90}},"176":{"start":{"line":443,"column":12},"end":{"line":455,"column":null}},"177":{"start":{"line":457,"column":12},"end":{"line":457,"column":null}},"178":{"start":{"line":459,"column":12},"end":{"line":469,"column":null}},"179":{"start":{"line":474,"column":59},"end":{"line":474,"column":64}},"180":{"start":{"line":475,"column":8},"end":{"line":475,"column":null}},"181":{"start":{"line":475,"column":40},"end":{"line":475,"column":null}},"182":{"start":{"line":477,"column":8},"end":{"line":505,"column":null}},"183":{"start":{"line":478,"column":12},"end":{"line":478,"column":null}},"184":{"start":{"line":480,"column":28},"end":{"line":480,"column":42}},"185":{"start":{"line":481,"column":12},"end":{"line":481,"column":null}},"186":{"start":{"line":482,"column":12},"end":{"line":482,"column":null}},"187":{"start":{"line":483,"column":12},"end":{"line":483,"column":null}},"188":{"start":{"line":484,"column":12},"end":{"line":484,"column":null}},"189":{"start":{"line":487,"column":33},"end":{"line":487,"column":123}},"190":{"start":{"line":489,"column":12},"end":{"line":491,"column":null}},"191":{"start":{"line":490,"column":16},"end":{"line":490,"column":null}},"192":{"start":{"line":493,"column":12},"end":{"line":497,"column":null}},"193":{"start":{"line":494,"column":16},"end":{"line":496,"column":null}},"194":{"start":{"line":495,"column":20},"end":{"line":495,"column":null}},"195":{"start":{"line":499,"column":12},"end":{"line":499,"column":null}},"196":{"start":{"line":500,"column":12},"end":{"line":500,"column":null}},"197":{"start":{"line":501,"column":12},"end":{"line":501,"column":null}},"198":{"start":{"line":503,"column":12},"end":{"line":503,"column":null}},"199":{"start":{"line":504,"column":12},"end":{"line":504,"column":null}},"200":{"start":{"line":511,"column":74},"end":{"line":511,"column":79}},"201":{"start":{"line":512,"column":8},"end":{"line":512,"column":null}},"202":{"start":{"line":512,"column":58},"end":{"line":512,"column":null}},"203":{"start":{"line":514,"column":8},"end":{"line":565,"column":null}},"204":{"start":{"line":515,"column":12},"end":{"line":515,"column":null}},"205":{"start":{"line":517,"column":28},"end":{"line":517,"column":42}},"206":{"start":{"line":518,"column":12},"end":{"line":518,"column":null}},"207":{"start":{"line":519,"column":12},"end":{"line":519,"column":null}},"208":{"start":{"line":520,"column":12},"end":{"line":520,"column":null}},"209":{"start":{"line":521,"column":12},"end":{"line":521,"column":null}},"210":{"start":{"line":524,"column":33},"end":{"line":524,"column":123}},"211":{"start":{"line":526,"column":12},"end":{"line":528,"column":null}},"212":{"start":{"line":527,"column":16},"end":{"line":527,"column":null}},"213":{"start":{"line":530,"column":12},"end":{"line":532,"column":null}},"214":{"start":{"line":531,"column":16},"end":{"line":531,"column":null}},"215":{"start":{"line":535,"column":12},"end":{"line":539,"column":null}},"216":{"start":{"line":536,"column":16},"end":{"line":538,"column":null}},"217":{"start":{"line":537,"column":21},"end":{"line":537,"column":null}},"218":{"start":{"line":542,"column":12},"end":{"line":546,"column":null}},"219":{"start":{"line":543,"column":16},"end":{"line":545,"column":null}},"220":{"start":{"line":544,"column":20},"end":{"line":544,"column":null}},"221":{"start":{"line":548,"column":12},"end":{"line":553,"column":null}},"222":{"start":{"line":554,"column":12},"end":{"line":560,"column":null}},"223":{"start":{"line":561,"column":12},"end":{"line":561,"column":null}},"224":{"start":{"line":563,"column":12},"end":{"line":563,"column":null}},"225":{"start":{"line":564,"column":12},"end":{"line":564,"column":null}},"226":{"start":{"line":569,"column":27},"end":{"line":569,"column":32}},"227":{"start":{"line":570,"column":8},"end":{"line":573,"column":null}},"228":{"start":{"line":571,"column":12},"end":{"line":571,"column":null}},"229":{"start":{"line":572,"column":12},"end":{"line":572,"column":null}},"230":{"start":{"line":575,"column":8},"end":{"line":583,"column":null}},"231":{"start":{"line":576,"column":12},"end":{"line":576,"column":null}},"232":{"start":{"line":577,"column":12},"end":{"line":577,"column":null}},"233":{"start":{"line":578,"column":12},"end":{"line":578,"column":null}},"234":{"start":{"line":579,"column":12},"end":{"line":579,"column":null}},"235":{"start":{"line":581,"column":12},"end":{"line":581,"column":null}},"236":{"start":{"line":582,"column":12},"end":{"line":582,"column":null}},"237":{"start":{"line":587,"column":30},"end":{"line":587,"column":56}},"238":{"start":{"line":588,"column":30},"end":{"line":588,"column":56}},"239":{"start":{"line":589,"column":31},"end":{"line":589,"column":58}},"240":{"start":{"line":592,"column":47},"end":{"line":592,"column":55}},"241":{"start":{"line":593,"column":8},"end":{"line":598,"column":null}},"242":{"start":{"line":593,"column":22},"end":{"line":598,"column":9}},"243":{"start":{"line":602,"column":25},"end":{"line":604,"column":15}},"244":{"start":{"line":603,"column":48},"end":{"line":603,"column":55}},"245":{"start":{"line":607,"column":20},"end":{"line":607,"column":30}},"246":{"start":{"line":608,"column":25},"end":{"line":608,"column":35}},"247":{"start":{"line":609,"column":8},"end":{"line":609,"column":null}},"248":{"start":{"line":611,"column":8},"end":{"line":621,"column":null}},"249":{"start":{"line":625,"column":25},"end":{"line":625,"column":41}},"250":{"start":{"line":626,"column":8},"end":{"line":626,"column":null}},"251":{"start":{"line":626,"column":23},"end":{"line":626,"column":null}},"252":{"start":{"line":628,"column":8},"end":{"line":628,"column":null}},"253":{"start":{"line":629,"column":8},"end":{"line":673,"column":null}},"254":{"start":{"line":630,"column":29},"end":{"line":630,"column":84}},"255":{"start":{"line":633,"column":39},"end":{"line":640,"column":13}},"256":{"start":{"line":634,"column":16},"end":{"line":634,"column":null}},"257":{"start":{"line":634,"column":30},"end":{"line":634,"column":null}},"258":{"start":{"line":635,"column":29},"end":{"line":635,"column":46}},"259":{"start":{"line":637,"column":31},"end":{"line":637,"column":63}},"260":{"start":{"line":638,"column":37},"end":{"line":638,"column":89}},"261":{"start":{"line":639,"column":16},"end":{"line":639,"column":null}},"262":{"start":{"line":642,"column":12},"end":{"line":661,"column":null}},"263":{"start":{"line":663,"column":12},"end":{"line":663,"column":null}},"264":{"start":{"line":665,"column":12},"end":{"line":672,"column":null}},"265":{"start":{"line":677,"column":57},"end":{"line":677,"column":62}},"266":{"start":{"line":678,"column":8},"end":{"line":678,"column":null}},"267":{"start":{"line":678,"column":40},"end":{"line":678,"column":null}},"268":{"start":{"line":680,"column":8},"end":{"line":694,"column":null}},"269":{"start":{"line":681,"column":12},"end":{"line":681,"column":null}},"270":{"start":{"line":684,"column":28},"end":{"line":684,"column":47}},"271":{"start":{"line":685,"column":12},"end":{"line":685,"column":null}},"272":{"start":{"line":685,"column":41},"end":{"line":685,"column":null}},"273":{"start":{"line":686,"column":12},"end":{"line":686,"column":null}},"274":{"start":{"line":686,"column":39},"end":{"line":686,"column":null}},"275":{"start":{"line":688,"column":12},"end":{"line":688,"column":null}},"276":{"start":{"line":689,"column":12},"end":{"line":689,"column":null}},"277":{"start":{"line":690,"column":12},"end":{"line":690,"column":null}},"278":{"start":{"line":692,"column":12},"end":{"line":692,"column":null}},"279":{"start":{"line":693,"column":12},"end":{"line":693,"column":null}},"280":{"start":{"line":698,"column":70},"end":{"line":698,"column":75}},"281":{"start":{"line":699,"column":8},"end":{"line":699,"column":null}},"282":{"start":{"line":699,"column":56},"end":{"line":699,"column":null}},"283":{"start":{"line":701,"column":8},"end":{"line":715,"column":null}},"284":{"start":{"line":702,"column":12},"end":{"line":702,"column":null}},"285":{"start":{"line":705,"column":28},"end":{"line":705,"column":47}},"286":{"start":{"line":706,"column":12},"end":{"line":706,"column":null}},"287":{"start":{"line":706,"column":41},"end":{"line":706,"column":null}},"288":{"start":{"line":707,"column":12},"end":{"line":707,"column":null}},"289":{"start":{"line":707,"column":39},"end":{"line":707,"column":null}},"290":{"start":{"line":709,"column":12},"end":{"line":709,"column":null}},"291":{"start":{"line":710,"column":12},"end":{"line":710,"column":null}},"292":{"start":{"line":711,"column":12},"end":{"line":711,"column":null}},"293":{"start":{"line":713,"column":12},"end":{"line":713,"column":null}},"294":{"start":{"line":714,"column":12},"end":{"line":714,"column":null}},"295":{"start":{"line":728,"column":8},"end":{"line":728,"column":null}},"296":{"start":{"line":729,"column":25},"end":{"line":729,"column":41}},"297":{"start":{"line":730,"column":8},"end":{"line":730,"column":null}},"298":{"start":{"line":734,"column":8},"end":{"line":734,"column":null}},"299":{"start":{"line":739,"column":8},"end":{"line":739,"column":null}},"300":{"start":{"line":740,"column":8},"end":{"line":747,"column":null}},"301":{"start":{"line":741,"column":25},"end":{"line":741,"column":66}},"302":{"start":{"line":742,"column":12},"end":{"line":742,"column":null}},"303":{"start":{"line":744,"column":12},"end":{"line":744,"column":null}},"304":{"start":{"line":746,"column":12},"end":{"line":746,"column":null}},"305":{"start":{"line":752,"column":8},"end":{"line":752,"column":null}},"306":{"start":{"line":753,"column":8},"end":{"line":763,"column":null}},"307":{"start":{"line":754,"column":12},"end":{"line":754,"column":null}},"308":{"start":{"line":756,"column":12},"end":{"line":756,"column":null}},"309":{"start":{"line":758,"column":12},"end":{"line":758,"column":null}},"310":{"start":{"line":758,"column":26},"end":{"line":758,"column":null}},"311":{"start":{"line":760,"column":12},"end":{"line":760,"column":null}},"312":{"start":{"line":762,"column":12},"end":{"line":762,"column":null}},"313":{"start":{"line":768,"column":8},"end":{"line":768,"column":null}},"314":{"start":{"line":769,"column":8},"end":{"line":777,"column":null}},"315":{"start":{"line":770,"column":12},"end":{"line":770,"column":null}},"316":{"start":{"line":771,"column":12},"end":{"line":771,"column":null}},"317":{"start":{"line":772,"column":12},"end":{"line":772,"column":null}},"318":{"start":{"line":772,"column":26},"end":{"line":772,"column":null}},"319":{"start":{"line":774,"column":12},"end":{"line":774,"column":null}},"320":{"start":{"line":776,"column":12},"end":{"line":776,"column":null}},"321":{"start":{"line":782,"column":8},"end":{"line":782,"column":null}},"322":{"start":{"line":783,"column":8},"end":{"line":791,"column":null}},"323":{"start":{"line":784,"column":12},"end":{"line":784,"column":null}},"324":{"start":{"line":785,"column":12},"end":{"line":785,"column":null}},"325":{"start":{"line":786,"column":12},"end":{"line":786,"column":null}},"326":{"start":{"line":786,"column":26},"end":{"line":786,"column":null}},"327":{"start":{"line":788,"column":12},"end":{"line":788,"column":null}},"328":{"start":{"line":790,"column":12},"end":{"line":790,"column":null}},"329":{"start":{"line":796,"column":8},"end":{"line":796,"column":null}},"330":{"start":{"line":797,"column":8},"end":{"line":804,"column":null}},"331":{"start":{"line":798,"column":12},"end":{"line":798,"column":null}},"332":{"start":{"line":799,"column":12},"end":{"line":799,"column":null}},"333":{"start":{"line":801,"column":12},"end":{"line":801,"column":null}},"334":{"start":{"line":803,"column":12},"end":{"line":803,"column":null}},"335":{"start":{"line":811,"column":34},"end":{"line":811,"column":64}},"336":{"start":{"line":812,"column":38},"end":{"line":812,"column":72}},"337":{"start":{"line":813,"column":35},"end":{"line":813,"column":66}},"338":{"start":{"line":816,"column":47},"end":{"line":816,"column":55}},"339":{"start":{"line":817,"column":8},"end":{"line":822,"column":null}},"340":{"start":{"line":817,"column":24},"end":{"line":822,"column":9}},"341":{"start":{"line":826,"column":8},"end":{"line":831,"column":null}},"342":{"start":{"line":835,"column":25},"end":{"line":835,"column":41}},"343":{"start":{"line":836,"column":8},"end":{"line":836,"column":null}},"344":{"start":{"line":836,"column":23},"end":{"line":836,"column":null}},"345":{"start":{"line":839,"column":8},"end":{"line":845,"column":null}},"346":{"start":{"line":847,"column":8},"end":{"line":870,"column":null}},"347":{"start":{"line":848,"column":33},"end":{"line":848,"column":92}},"348":{"start":{"line":849,"column":12},"end":{"line":858,"column":null}},"349":{"start":{"line":860,"column":12},"end":{"line":860,"column":null}},"350":{"start":{"line":862,"column":12},"end":{"line":869,"column":null}},"351":{"start":{"line":874,"column":61},"end":{"line":874,"column":66}},"352":{"start":{"line":875,"column":8},"end":{"line":875,"column":null}},"353":{"start":{"line":875,"column":40},"end":{"line":875,"column":null}},"354":{"start":{"line":877,"column":8},"end":{"line":898,"column":null}},"355":{"start":{"line":878,"column":12},"end":{"line":878,"column":null}},"356":{"start":{"line":881,"column":28},"end":{"line":885,"column":13}},"357":{"start":{"line":887,"column":12},"end":{"line":887,"column":null}},"358":{"start":{"line":888,"column":12},"end":{"line":893,"column":null}},"359":{"start":{"line":894,"column":12},"end":{"line":894,"column":null}},"360":{"start":{"line":896,"column":12},"end":{"line":896,"column":null}},"361":{"start":{"line":897,"column":12},"end":{"line":897,"column":null}},"362":{"start":{"line":902,"column":78},"end":{"line":902,"column":83}},"363":{"start":{"line":903,"column":8},"end":{"line":903,"column":null}},"364":{"start":{"line":903,"column":60},"end":{"line":903,"column":null}},"365":{"start":{"line":905,"column":8},"end":{"line":927,"column":null}},"366":{"start":{"line":906,"column":12},"end":{"line":906,"column":null}},"367":{"start":{"line":909,"column":28},"end":{"line":913,"column":13}},"368":{"start":{"line":915,"column":12},"end":{"line":915,"column":null}},"369":{"start":{"line":916,"column":12},"end":{"line":922,"column":null}},"370":{"start":{"line":923,"column":12},"end":{"line":923,"column":null}},"371":{"start":{"line":925,"column":12},"end":{"line":925,"column":null}},"372":{"start":{"line":926,"column":12},"end":{"line":926,"column":null}},"373":{"start":{"line":931,"column":27},"end":{"line":931,"column":32}},"374":{"start":{"line":932,"column":8},"end":{"line":932,"column":null}},"375":{"start":{"line":932,"column":21},"end":{"line":932,"column":null}},"376":{"start":{"line":934,"column":8},"end":{"line":942,"column":null}},"377":{"start":{"line":935,"column":12},"end":{"line":935,"column":null}},"378":{"start":{"line":936,"column":12},"end":{"line":936,"column":null}},"379":{"start":{"line":937,"column":12},"end":{"line":937,"column":null}},"380":{"start":{"line":938,"column":12},"end":{"line":938,"column":null}},"381":{"start":{"line":940,"column":12},"end":{"line":940,"column":null}},"382":{"start":{"line":941,"column":12},"end":{"line":941,"column":null}},"383":{"start":{"line":958,"column":8},"end":{"line":963,"column":null}},"384":{"start":{"line":964,"column":25},"end":{"line":964,"column":41}},"385":{"start":{"line":965,"column":8},"end":{"line":967,"column":null}},"386":{"start":{"line":966,"column":12},"end":{"line":966,"column":null}},"387":{"start":{"line":971,"column":8},"end":{"line":979,"column":null}},"388":{"start":{"line":983,"column":8},"end":{"line":983,"column":null}},"389":{"start":{"line":984,"column":8},"end":{"line":991,"column":null}},"390":{"start":{"line":985,"column":25},"end":{"line":985,"column":88}},"391":{"start":{"line":986,"column":12},"end":{"line":986,"column":null}},"392":{"start":{"line":988,"column":12},"end":{"line":988,"column":null}},"393":{"start":{"line":990,"column":12},"end":{"line":990,"column":null}},"394":{"start":{"line":995,"column":8},"end":{"line":995,"column":null}},"395":{"start":{"line":996,"column":8},"end":{"line":1003,"column":null}},"396":{"start":{"line":997,"column":12},"end":{"line":997,"column":null}},"397":{"start":{"line":998,"column":12},"end":{"line":998,"column":null}},"398":{"start":{"line":1000,"column":12},"end":{"line":1000,"column":null}},"399":{"start":{"line":1002,"column":12},"end":{"line":1002,"column":null}},"400":{"start":{"line":1007,"column":8},"end":{"line":1007,"column":null}},"401":{"start":{"line":1008,"column":8},"end":{"line":1015,"column":null}},"402":{"start":{"line":1009,"column":12},"end":{"line":1009,"column":null}},"403":{"start":{"line":1010,"column":12},"end":{"line":1010,"column":null}},"404":{"start":{"line":1012,"column":12},"end":{"line":1012,"column":null}},"405":{"start":{"line":1014,"column":12},"end":{"line":1014,"column":null}},"406":{"start":{"line":1019,"column":8},"end":{"line":1019,"column":null}},"407":{"start":{"line":1020,"column":8},"end":{"line":1027,"column":null}},"408":{"start":{"line":1021,"column":12},"end":{"line":1021,"column":null}},"409":{"start":{"line":1022,"column":12},"end":{"line":1022,"column":null}},"410":{"start":{"line":1024,"column":12},"end":{"line":1024,"column":null}},"411":{"start":{"line":1026,"column":12},"end":{"line":1026,"column":null}},"412":{"start":{"line":1031,"column":8},"end":{"line":1031,"column":null}},"413":{"start":{"line":1032,"column":8},"end":{"line":1039,"column":null}},"414":{"start":{"line":1033,"column":12},"end":{"line":1033,"column":null}},"415":{"start":{"line":1034,"column":12},"end":{"line":1034,"column":null}},"416":{"start":{"line":1036,"column":12},"end":{"line":1036,"column":null}},"417":{"start":{"line":1038,"column":12},"end":{"line":1038,"column":null}},"418":{"start":{"line":1043,"column":8},"end":{"line":1043,"column":null}},"419":{"start":{"line":1044,"column":8},"end":{"line":1051,"column":null}},"420":{"start":{"line":1045,"column":12},"end":{"line":1045,"column":null}},"421":{"start":{"line":1046,"column":12},"end":{"line":1046,"column":null}},"422":{"start":{"line":1048,"column":12},"end":{"line":1048,"column":null}},"423":{"start":{"line":1050,"column":12},"end":{"line":1050,"column":null}},"424":{"start":{"line":1055,"column":8},"end":{"line":1055,"column":null}},"425":{"start":{"line":1056,"column":8},"end":{"line":1065,"column":null}},"426":{"start":{"line":1058,"column":25},"end":{"line":1058,"column":103}},"427":{"start":{"line":1059,"column":12},"end":{"line":1059,"column":null}},"428":{"start":{"line":1060,"column":12},"end":{"line":1060,"column":null}},"429":{"start":{"line":1062,"column":12},"end":{"line":1062,"column":null}},"430":{"start":{"line":1064,"column":12},"end":{"line":1064,"column":null}}},"fnMap":{"0":{"name":"(anonymous_0)","decl":{"start":{"line":55,"column":36},"end":{"line":55,"column":37}},"loc":{"start":{"line":55,"column":51},"end":{"line":1071,"column":1}},"line":55},"1":{"name":"(anonymous_1)","decl":{"start":{"line":86,"column":18},"end":{"line":86,"column":19}},"loc":{"start":{"line":86,"column":27},"end":{"line":86,"column":50}},"line":86},"2":{"name":"(anonymous_2)","decl":{"start":{"line":87,"column":23},"end":{"line":87,"column":24}},"loc":{"start":{"line":87,"column":32},"end":{"line":87,"column":60}},"line":87},"3":{"name":"(anonymous_3)","decl":{"start":{"line":88,"column":32},"end":{"line":88,"column":33}},"loc":{"start":{"line":88,"column":41},"end":{"line":88,"column":78}},"line":88},"4":{"name":"(anonymous_4)","decl":{"start":{"line":89,"column":23},"end":{"line":89,"column":24}},"loc":{"start":{"line":89,"column":31},"end":{"line":89,"column":58}},"line":89},"5":{"name":"(anonymous_5)","decl":{"start":{"line":92,"column":20},"end":{"line":92,"column":25}},"loc":{"start":{"line":92,"column":40},"end":{"line":110,"column":5}},"line":92},"6":{"name":"(anonymous_6)","decl":{"start":{"line":113,"column":19},"end":{"line":113,"column":24}},"loc":{"start":{"line":113,"column":39},"end":{"line":123,"column":5}},"line":113},"7":{"name":"(anonymous_7)","decl":{"start":{"line":130,"column":21},"end":{"line":130,"column":26}},"loc":{"start":{"line":130,"column":41},"end":{"line":146,"column":5}},"line":130},"8":{"name":"(anonymous_8)","decl":{"start":{"line":148,"column":24},"end":{"line":148,"column":29}},"loc":{"start":{"line":148,"column":74},"end":{"line":158,"column":5}},"line":148},"9":{"name":"(anonymous_9)","decl":{"start":{"line":160,"column":23},"end":{"line":160,"column":28}},"loc":{"start":{"line":160,"column":73},"end":{"line":170,"column":5}},"line":160},"10":{"name":"(anonymous_10)","decl":{"start":{"line":172,"column":23},"end":{"line":172,"column":28}},"loc":{"start":{"line":172,"column":52},"end":{"line":182,"column":5}},"line":172},"11":{"name":"(anonymous_11)","decl":{"start":{"line":189,"column":22},"end":{"line":189,"column":27}},"loc":{"start":{"line":189,"column":42},"end":{"line":199,"column":5}},"line":189},"12":{"name":"(anonymous_12)","decl":{"start":{"line":201,"column":30},"end":{"line":201,"column":35}},"loc":{"start":{"line":201,"column":62},"end":{"line":212,"column":5}},"line":201},"13":{"name":"(anonymous_13)","decl":{"start":{"line":214,"column":35},"end":{"line":214,"column":40}},"loc":{"start":{"line":214,"column":68},"end":{"line":225,"column":5}},"line":214},"14":{"name":"(anonymous_14)","decl":{"start":{"line":227,"column":35},"end":{"line":227,"column":40}},"loc":{"start":{"line":227,"column":67},"end":{"line":238,"column":5}},"line":227},"15":{"name":"(anonymous_15)","decl":{"start":{"line":240,"column":52},"end":{"line":240,"column":57}},"loc":{"start":{"line":240,"column":89},"end":{"line":250,"column":5}},"line":240},"16":{"name":"(anonymous_16)","decl":{"start":{"line":252,"column":49},"end":{"line":252,"column":54}},"loc":{"start":{"line":252,"column":92},"end":{"line":262,"column":5}},"line":252},"17":{"name":"(anonymous_17)","decl":{"start":{"line":265,"column":24},"end":{"line":265,"column":25}},"loc":{"start":{"line":265,"column":30},"end":{"line":280,"column":5}},"line":265},"18":{"name":"(anonymous_18)","decl":{"start":{"line":267,"column":49},"end":{"line":267,"column":50}},"loc":{"start":{"line":267,"column":59},"end":{"line":267,"column":90}},"line":267},"19":{"name":"(anonymous_19)","decl":{"start":{"line":268,"column":46},"end":{"line":268,"column":47}},"loc":{"start":{"line":268,"column":51},"end":{"line":268,"column":55}},"line":268},"20":{"name":"(anonymous_20)","decl":{"start":{"line":270,"column":24},"end":{"line":270,"column":30}},"loc":{"start":{"line":270,"column":34},"end":{"line":278,"column":9}},"line":270},"21":{"name":"(anonymous_21)","decl":{"start":{"line":272,"column":60},"end":{"line":272,"column":61}},"loc":{"start":{"line":272,"column":70},"end":{"line":272,"column":101}},"line":272},"22":{"name":"(anonymous_22)","decl":{"start":{"line":273,"column":53},"end":{"line":273,"column":54}},"loc":{"start":{"line":273,"column":59},"end":{"line":276,"column":17}},"line":273},"23":{"name":"(anonymous_23)","decl":{"start":{"line":282,"column":16},"end":{"line":282,"column":17}},"loc":{"start":{"line":282,"column":41},"end":{"line":290,"column":5}},"line":282},"24":{"name":"(anonymous_24)","decl":{"start":{"line":292,"column":21},"end":{"line":292,"column":26}},"loc":{"start":{"line":292,"column":41},"end":{"line":305,"column":5}},"line":292},"25":{"name":"(anonymous_25)","decl":{"start":{"line":296,"column":49},"end":{"line":296,"column":50}},"loc":{"start":{"line":296,"column":71},"end":{"line":299,"column":13}},"line":296},"26":{"name":"(anonymous_26)","decl":{"start":{"line":307,"column":14},"end":{"line":307,"column":15}},"loc":{"start":{"line":307,"column":47},"end":{"line":317,"column":5}},"line":307},"27":{"name":"(anonymous_27)","decl":{"start":{"line":310,"column":45},"end":{"line":310,"column":46}},"loc":{"start":{"line":310,"column":50},"end":{"line":310,"column":70}},"line":310},"28":{"name":"(anonymous_28)","decl":{"start":{"line":319,"column":19},"end":{"line":319,"column":24}},"loc":{"start":{"line":319,"column":39},"end":{"line":332,"column":5}},"line":319},"29":{"name":"(anonymous_29)","decl":{"start":{"line":323,"column":45},"end":{"line":323,"column":46}},"loc":{"start":{"line":323,"column":63},"end":{"line":326,"column":13}},"line":323},"30":{"name":"(anonymous_30)","decl":{"start":{"line":335,"column":23},"end":{"line":335,"column":24}},"loc":{"start":{"line":335,"column":32},"end":{"line":335,"column":60}},"line":335},"31":{"name":"(anonymous_31)","decl":{"start":{"line":336,"column":22},"end":{"line":336,"column":23}},"loc":{"start":{"line":336,"column":31},"end":{"line":336,"column":58}},"line":336},"32":{"name":"(anonymous_32)","decl":{"start":{"line":337,"column":23},"end":{"line":337,"column":24}},"loc":{"start":{"line":337,"column":33},"end":{"line":337,"column":62}},"line":337},"33":{"name":"(anonymous_33)","decl":{"start":{"line":339,"column":28},"end":{"line":339,"column":29}},"loc":{"start":{"line":339,"column":35},"end":{"line":347,"column":5}},"line":339},"34":{"name":"(anonymous_34)","decl":{"start":{"line":341,"column":12},"end":{"line":341,"column":17}},"loc":{"start":{"line":341,"column":22},"end":{"line":346,"column":9}},"line":341},"35":{"name":"(anonymous_35)","decl":{"start":{"line":349,"column":24},"end":{"line":349,"column":29}},"loc":{"start":{"line":349,"column":44},"end":{"line":353,"column":5}},"line":349},"36":{"name":"(anonymous_36)","decl":{"start":{"line":355,"column":24},"end":{"line":355,"column":29}},"loc":{"start":{"line":355,"column":44},"end":{"line":359,"column":5}},"line":355},"37":{"name":"(anonymous_37)","decl":{"start":{"line":361,"column":24},"end":{"line":361,"column":29}},"loc":{"start":{"line":361,"column":54},"end":{"line":364,"column":5}},"line":361},"38":{"name":"(anonymous_38)","decl":{"start":{"line":366,"column":20},"end":{"line":366,"column":21}},"loc":{"start":{"line":366,"column":32},"end":{"line":378,"column":5}},"line":366},"39":{"name":"(anonymous_39)","decl":{"start":{"line":380,"column":22},"end":{"line":380,"column":23}},"loc":{"start":{"line":380,"column":35},"end":{"line":386,"column":5}},"line":380},"40":{"name":"(anonymous_40)","decl":{"start":{"line":392,"column":23},"end":{"line":392,"column":24}},"loc":{"start":{"line":392,"column":32},"end":{"line":392,"column":60}},"line":392},"41":{"name":"(anonymous_41)","decl":{"start":{"line":393,"column":23},"end":{"line":393,"column":24}},"loc":{"start":{"line":393,"column":32},"end":{"line":393,"column":60}},"line":393},"42":{"name":"(anonymous_42)","decl":{"start":{"line":394,"column":22},"end":{"line":394,"column":23}},"loc":{"start":{"line":394,"column":34},"end":{"line":394,"column":64}},"line":394},"43":{"name":"(anonymous_43)","decl":{"start":{"line":395,"column":23},"end":{"line":395,"column":24}},"loc":{"start":{"line":395,"column":33},"end":{"line":395,"column":62}},"line":395},"44":{"name":"(anonymous_44)","decl":{"start":{"line":397,"column":28},"end":{"line":397,"column":29}},"loc":{"start":{"line":397,"column":35},"end":{"line":414,"column":5}},"line":397},"45":{"name":"(anonymous_45)","decl":{"start":{"line":399,"column":12},"end":{"line":399,"column":17}},"loc":{"start":{"line":399,"column":22},"end":{"line":413,"column":9}},"line":399},"46":{"name":"(anonymous_46)","decl":{"start":{"line":417,"column":22},"end":{"line":417,"column":23}},"loc":{"start":{"line":417,"column":34},"end":{"line":427,"column":5}},"line":417},"47":{"name":"(anonymous_47)","decl":{"start":{"line":419,"column":43},"end":{"line":419,"column":44}},"loc":{"start":{"line":419,"column":48},"end":{"line":419,"column":55}},"line":419},"48":{"name":"(anonymous_48)","decl":{"start":{"line":431,"column":20},"end":{"line":431,"column":25}},"loc":{"start":{"line":431,"column":44},"end":{"line":471,"column":5}},"line":431},"49":{"name":"(anonymous_49)","decl":{"start":{"line":473,"column":24},"end":{"line":473,"column":29}},"loc":{"start":{"line":473,"column":36},"end":{"line":506,"column":5}},"line":473},"50":{"name":"(anonymous_50)","decl":{"start":{"line":494,"column":64},"end":{"line":494,"column":68}},"loc":{"start":{"line":494,"column":72},"end":{"line":496,"column":17}},"line":494},"51":{"name":"(anonymous_51)","decl":{"start":{"line":510,"column":24},"end":{"line":510,"column":29}},"loc":{"start":{"line":510,"column":36},"end":{"line":566,"column":5}},"line":510},"52":{"name":"(anonymous_52)","decl":{"start":{"line":536,"column":64},"end":{"line":536,"column":68}},"loc":{"start":{"line":536,"column":72},"end":{"line":538,"column":17}},"line":536},"53":{"name":"(anonymous_53)","decl":{"start":{"line":543,"column":53},"end":{"line":543,"column":55}},"loc":{"start":{"line":543,"column":59},"end":{"line":545,"column":17}},"line":543},"54":{"name":"(anonymous_54)","decl":{"start":{"line":568,"column":24},"end":{"line":568,"column":29}},"loc":{"start":{"line":568,"column":54},"end":{"line":584,"column":5}},"line":568},"55":{"name":"(anonymous_55)","decl":{"start":{"line":587,"column":21},"end":{"line":587,"column":22}},"loc":{"start":{"line":587,"column":30},"end":{"line":587,"column":56}},"line":587},"56":{"name":"(anonymous_56)","decl":{"start":{"line":588,"column":20},"end":{"line":588,"column":21}},"loc":{"start":{"line":588,"column":30},"end":{"line":588,"column":56}},"line":588},"57":{"name":"(anonymous_57)","decl":{"start":{"line":589,"column":21},"end":{"line":589,"column":22}},"loc":{"start":{"line":589,"column":31},"end":{"line":589,"column":58}},"line":589},"58":{"name":"(anonymous_58)","decl":{"start":{"line":591,"column":26},"end":{"line":591,"column":27}},"loc":{"start":{"line":591,"column":33},"end":{"line":599,"column":5}},"line":591},"59":{"name":"(anonymous_59)","decl":{"start":{"line":593,"column":12},"end":{"line":593,"column":17}},"loc":{"start":{"line":593,"column":22},"end":{"line":598,"column":9}},"line":593},"60":{"name":"(anonymous_60)","decl":{"start":{"line":601,"column":20},"end":{"line":601,"column":21}},"loc":{"start":{"line":601,"column":32},"end":{"line":622,"column":5}},"line":601},"61":{"name":"(anonymous_61)","decl":{"start":{"line":603,"column":43},"end":{"line":603,"column":44}},"loc":{"start":{"line":603,"column":48},"end":{"line":603,"column":55}},"line":603},"62":{"name":"(anonymous_62)","decl":{"start":{"line":624,"column":18},"end":{"line":624,"column":23}},"loc":{"start":{"line":624,"column":42},"end":{"line":674,"column":5}},"line":624},"63":{"name":"(anonymous_63)","decl":{"start":{"line":633,"column":39},"end":{"line":633,"column":40}},"loc":{"start":{"line":633,"column":52},"end":{"line":640,"column":13}},"line":633},"64":{"name":"(anonymous_64)","decl":{"start":{"line":676,"column":22},"end":{"line":676,"column":27}},"loc":{"start":{"line":676,"column":34},"end":{"line":695,"column":5}},"line":676},"65":{"name":"(anonymous_65)","decl":{"start":{"line":697,"column":22},"end":{"line":697,"column":27}},"loc":{"start":{"line":697,"column":34},"end":{"line":716,"column":5}},"line":697},"66":{"name":"(anonymous_66)","decl":{"start":{"line":727,"column":22},"end":{"line":727,"column":23}},"loc":{"start":{"line":727,"column":36},"end":{"line":731,"column":5}},"line":727},"67":{"name":"(anonymous_67)","decl":{"start":{"line":733,"column":23},"end":{"line":733,"column":24}},"loc":{"start":{"line":733,"column":29},"end":{"line":735,"column":5}},"line":733},"68":{"name":"(anonymous_68)","decl":{"start":{"line":738,"column":22},"end":{"line":738,"column":27}},"loc":{"start":{"line":738,"column":59},"end":{"line":748,"column":5}},"line":738},"69":{"name":"(anonymous_69)","decl":{"start":{"line":751,"column":28},"end":{"line":751,"column":33}},"loc":{"start":{"line":751,"column":77},"end":{"line":764,"column":5}},"line":751},"70":{"name":"(anonymous_70)","decl":{"start":{"line":767,"column":33},"end":{"line":767,"column":38}},"loc":{"start":{"line":767,"column":83},"end":{"line":778,"column":5}},"line":767},"71":{"name":"(anonymous_71)","decl":{"start":{"line":781,"column":33},"end":{"line":781,"column":38}},"loc":{"start":{"line":781,"column":82},"end":{"line":792,"column":5}},"line":781},"72":{"name":"(anonymous_72)","decl":{"start":{"line":795,"column":40},"end":{"line":795,"column":45}},"loc":{"start":{"line":795,"column":94},"end":{"line":805,"column":5}},"line":795},"73":{"name":"(anonymous_73)","decl":{"start":{"line":811,"column":25},"end":{"line":811,"column":26}},"loc":{"start":{"line":811,"column":34},"end":{"line":811,"column":64}},"line":811},"74":{"name":"(anonymous_74)","decl":{"start":{"line":812,"column":24},"end":{"line":812,"column":25}},"loc":{"start":{"line":812,"column":38},"end":{"line":812,"column":72}},"line":812},"75":{"name":"(anonymous_75)","decl":{"start":{"line":813,"column":25},"end":{"line":813,"column":26}},"loc":{"start":{"line":813,"column":35},"end":{"line":813,"column":66}},"line":813},"76":{"name":"(anonymous_76)","decl":{"start":{"line":815,"column":30},"end":{"line":815,"column":31}},"loc":{"start":{"line":815,"column":37},"end":{"line":823,"column":5}},"line":815},"77":{"name":"(anonymous_77)","decl":{"start":{"line":817,"column":12},"end":{"line":817,"column":13}},"loc":{"start":{"line":817,"column":24},"end":{"line":822,"column":9}},"line":817},"78":{"name":"(anonymous_78)","decl":{"start":{"line":825,"column":24},"end":{"line":825,"column":25}},"loc":{"start":{"line":825,"column":36},"end":{"line":832,"column":5}},"line":825},"79":{"name":"(anonymous_79)","decl":{"start":{"line":834,"column":22},"end":{"line":834,"column":27}},"loc":{"start":{"line":834,"column":46},"end":{"line":871,"column":5}},"line":834},"80":{"name":"(anonymous_80)","decl":{"start":{"line":873,"column":26},"end":{"line":873,"column":31}},"loc":{"start":{"line":873,"column":38},"end":{"line":899,"column":5}},"line":873},"81":{"name":"(anonymous_81)","decl":{"start":{"line":901,"column":26},"end":{"line":901,"column":31}},"loc":{"start":{"line":901,"column":38},"end":{"line":928,"column":5}},"line":901},"82":{"name":"(anonymous_82)","decl":{"start":{"line":930,"column":26},"end":{"line":930,"column":31}},"loc":{"start":{"line":930,"column":54},"end":{"line":943,"column":5}},"line":930},"83":{"name":"(anonymous_83)","decl":{"start":{"line":957,"column":29},"end":{"line":957,"column":30}},"loc":{"start":{"line":957,"column":80},"end":{"line":968,"column":5}},"line":957},"84":{"name":"(anonymous_84)","decl":{"start":{"line":970,"column":30},"end":{"line":970,"column":31}},"loc":{"start":{"line":970,"column":36},"end":{"line":980,"column":5}},"line":970},"85":{"name":"(anonymous_85)","decl":{"start":{"line":982,"column":29},"end":{"line":982,"column":34}},"loc":{"start":{"line":982,"column":81},"end":{"line":992,"column":5}},"line":982},"86":{"name":"(anonymous_86)","decl":{"start":{"line":994,"column":29},"end":{"line":994,"column":34}},"loc":{"start":{"line":994,"column":87},"end":{"line":1004,"column":5}},"line":994},"87":{"name":"(anonymous_87)","decl":{"start":{"line":1006,"column":32},"end":{"line":1006,"column":37}},"loc":{"start":{"line":1006,"column":90},"end":{"line":1016,"column":5}},"line":1006},"88":{"name":"(anonymous_88)","decl":{"start":{"line":1018,"column":33},"end":{"line":1018,"column":38}},"loc":{"start":{"line":1018,"column":114},"end":{"line":1028,"column":5}},"line":1018},"89":{"name":"(anonymous_89)","decl":{"start":{"line":1030,"column":36},"end":{"line":1030,"column":41}},"loc":{"start":{"line":1030,"column":95},"end":{"line":1040,"column":5}},"line":1030},"90":{"name":"(anonymous_90)","decl":{"start":{"line":1042,"column":36},"end":{"line":1042,"column":41}},"loc":{"start":{"line":1042,"column":92},"end":{"line":1052,"column":5}},"line":1042},"91":{"name":"(anonymous_91)","decl":{"start":{"line":1054,"column":40},"end":{"line":1054,"column":45}},"loc":{"start":{"line":1054,"column":99},"end":{"line":1066,"column":5}},"line":1054}},"branchMap":{"0":{"loc":{"start":{"line":96,"column":12},"end":{"line":96,"column":null}},"type":"if","locations":[{"start":{"line":96,"column":12},"end":{"line":96,"column":null}},{"start":{},"end":{}}],"line":96},"1":{"loc":{"start":{"line":97,"column":12},"end":{"line":97,"column":null}},"type":"if","locations":[{"start":{"line":97,"column":12},"end":{"line":97,"column":null}},{"start":{},"end":{}}],"line":97},"2":{"loc":{"start":{"line":99,"column":12},"end":{"line":104,"column":null}},"type":"if","locations":[{"start":{"line":99,"column":12},"end":{"line":104,"column":null}},{"start":{"line":101,"column":19},"end":{"line":104,"column":null}}],"line":99},"3":{"loc":{"start":{"line":99,"column":16},"end":{"line":99,"column":71}},"type":"binary-expr","locations":[{"start":{"line":99,"column":16},"end":{"line":99,"column":34}},{"start":{"line":99,"column":38},"end":{"line":99,"column":71}}],"line":99},"4":{"loc":{"start":{"line":103,"column":31},"end":{"line":103,"column":76}},"type":"cond-expr","locations":[{"start":{"line":103,"column":60},"end":{"line":103,"column":71}},{"start":{"line":103,"column":74},"end":{"line":103,"column":76}}],"line":103},"5":{"loc":{"start":{"line":136,"column":30},"end":{"line":136,"column":49}},"type":"binary-expr","locations":[{"start":{"line":136,"column":30},"end":{"line":136,"column":43}},{"start":{"line":136,"column":47},"end":{"line":136,"column":49}}],"line":136},"6":{"loc":{"start":{"line":137,"column":38},"end":{"line":137,"column":65}},"type":"binary-expr","locations":[{"start":{"line":137,"column":38},"end":{"line":137,"column":59}},{"start":{"line":137,"column":63},"end":{"line":137,"column":65}}],"line":137},"7":{"loc":{"start":{"line":138,"column":30},"end":{"line":138,"column":null}},"type":"binary-expr","locations":[{"start":{"line":138,"column":30},"end":{"line":138,"column":43}},{"start":{"line":138,"column":47},"end":{"line":138,"column":null}}],"line":138},"8":{"loc":{"start":{"line":142,"column":36},"end":{"line":142,"column":94}},"type":"binary-expr","locations":[{"start":{"line":142,"column":36},"end":{"line":142,"column":62}},{"start":{"line":142,"column":66},"end":{"line":142,"column":94}}],"line":142},"9":{"loc":{"start":{"line":148,"column":50},"end":{"line":148,"column":69}},"type":"default-arg","locations":[{"start":{"line":148,"column":64},"end":{"line":148,"column":69}}],"line":148},"10":{"loc":{"start":{"line":154,"column":36},"end":{"line":154,"column":96}},"type":"binary-expr","locations":[{"start":{"line":154,"column":36},"end":{"line":154,"column":62}},{"start":{"line":154,"column":66},"end":{"line":154,"column":96}}],"line":154},"11":{"loc":{"start":{"line":160,"column":49},"end":{"line":160,"column":68}},"type":"default-arg","locations":[{"start":{"line":160,"column":63},"end":{"line":160,"column":68}}],"line":160},"12":{"loc":{"start":{"line":166,"column":36},"end":{"line":166,"column":95}},"type":"binary-expr","locations":[{"start":{"line":166,"column":36},"end":{"line":166,"column":62}},{"start":{"line":166,"column":66},"end":{"line":166,"column":95}}],"line":166},"13":{"loc":{"start":{"line":178,"column":36},"end":{"line":178,"column":95}},"type":"binary-expr","locations":[{"start":{"line":178,"column":36},"end":{"line":178,"column":62}},{"start":{"line":178,"column":66},"end":{"line":178,"column":95}}],"line":178},"14":{"loc":{"start":{"line":267,"column":60},"end":{"line":267,"column":72}},"type":"binary-expr","locations":[{"start":{"line":267,"column":60},"end":{"line":267,"column":67}},{"start":{"line":267,"column":71},"end":{"line":267,"column":72}}],"line":267},"15":{"loc":{"start":{"line":267,"column":77},"end":{"line":267,"column":89}},"type":"binary-expr","locations":[{"start":{"line":267,"column":77},"end":{"line":267,"column":84}},{"start":{"line":267,"column":88},"end":{"line":267,"column":89}}],"line":267},"16":{"loc":{"start":{"line":271,"column":12},"end":{"line":277,"column":null}},"type":"if","locations":[{"start":{"line":271,"column":12},"end":{"line":277,"column":null}},{"start":{},"end":{}}],"line":271},"17":{"loc":{"start":{"line":272,"column":71},"end":{"line":272,"column":83}},"type":"binary-expr","locations":[{"start":{"line":272,"column":71},"end":{"line":272,"column":78}},{"start":{"line":272,"column":82},"end":{"line":272,"column":83}}],"line":272},"18":{"loc":{"start":{"line":272,"column":88},"end":{"line":272,"column":100}},"type":"binary-expr","locations":[{"start":{"line":272,"column":88},"end":{"line":272,"column":95}},{"start":{"line":272,"column":99},"end":{"line":272,"column":100}}],"line":272},"19":{"loc":{"start":{"line":274,"column":29},"end":{"line":274,"column":53}},"type":"binary-expr","locations":[{"start":{"line":274,"column":29},"end":{"line":274,"column":40}},{"start":{"line":274,"column":44},"end":{"line":274,"column":53}}],"line":274},"20":{"loc":{"start":{"line":275,"column":27},"end":{"line":275,"column":null}},"type":"binary-expr","locations":[{"start":{"line":275,"column":27},"end":{"line":275,"column":34}},{"start":{"line":275,"column":38},"end":{"line":275,"column":null}}],"line":275},"21":{"loc":{"start":{"line":285,"column":8},"end":{"line":285,"column":null}},"type":"if","locations":[{"start":{"line":285,"column":8},"end":{"line":285,"column":null}},{"start":{},"end":{}}],"line":285},"22":{"loc":{"start":{"line":286,"column":25},"end":{"line":286,"column":81}},"type":"cond-expr","locations":[{"start":{"line":286,"column":46},"end":{"line":286,"column":62}},{"start":{"line":286,"column":65},"end":{"line":286,"column":81}}],"line":286},"23":{"loc":{"start":{"line":287,"column":8},"end":{"line":287,"column":null}},"type":"if","locations":[{"start":{"line":287,"column":8},"end":{"line":287,"column":null}},{"start":{},"end":{}}],"line":287},"24":{"loc":{"start":{"line":287,"column":12},"end":{"line":287,"column":58}},"type":"binary-expr","locations":[{"start":{"line":287,"column":12},"end":{"line":287,"column":24}},{"start":{"line":287,"column":28},"end":{"line":287,"column":58}}],"line":287},"25":{"loc":{"start":{"line":309,"column":22},"end":{"line":309,"column":48}},"type":"binary-expr","locations":[{"start":{"line":309,"column":22},"end":{"line":309,"column":42}},{"start":{"line":309,"column":46},"end":{"line":309,"column":48}}],"line":309},"26":{"loc":{"start":{"line":311,"column":8},"end":{"line":311,"column":null}},"type":"if","locations":[{"start":{"line":311,"column":8},"end":{"line":311,"column":null}},{"start":{},"end":{}}],"line":311},"27":{"loc":{"start":{"line":312,"column":25},"end":{"line":312,"column":81}},"type":"cond-expr","locations":[{"start":{"line":312,"column":46},"end":{"line":312,"column":62}},{"start":{"line":312,"column":65},"end":{"line":312,"column":81}}],"line":312},"28":{"loc":{"start":{"line":313,"column":8},"end":{"line":313,"column":null}},"type":"if","locations":[{"start":{"line":313,"column":8},"end":{"line":313,"column":null}},{"start":{},"end":{}}],"line":313},"29":{"loc":{"start":{"line":313,"column":12},"end":{"line":313,"column":52}},"type":"binary-expr","locations":[{"start":{"line":313,"column":12},"end":{"line":313,"column":24}},{"start":{"line":313,"column":28},"end":{"line":313,"column":52}}],"line":313},"30":{"loc":{"start":{"line":322,"column":26},"end":{"line":322,"column":58}},"type":"binary-expr","locations":[{"start":{"line":322,"column":26},"end":{"line":322,"column":52}},{"start":{"line":322,"column":56},"end":{"line":322,"column":58}}],"line":322},"31":{"loc":{"start":{"line":344,"column":24},"end":{"line":344,"column":null}},"type":"cond-expr","locations":[{"start":{"line":344,"column":46},"end":{"line":344,"column":53}},{"start":{"line":344,"column":56},"end":{"line":344,"column":null}}],"line":344},"32":{"loc":{"start":{"line":403,"column":20},"end":{"line":403,"column":88}},"type":"binary-expr","locations":[{"start":{"line":403,"column":20},"end":{"line":403,"column":35}},{"start":{"line":403,"column":39},"end":{"line":403,"column":88}}],"line":403},"33":{"loc":{"start":{"line":403,"column":49},"end":{"line":403,"column":86}},"type":"cond-expr","locations":[{"start":{"line":403,"column":71},"end":{"line":403,"column":78}},{"start":{"line":403,"column":81},"end":{"line":403,"column":86}}],"line":403},"34":{"loc":{"start":{"line":405,"column":20},"end":{"line":407,"column":24}},"type":"cond-expr","locations":[{"start":{"line":406,"column":22},"end":{"line":406,"column":null}},{"start":{"line":407,"column":22},"end":{"line":407,"column":24}}],"line":405},"35":{"loc":{"start":{"line":405,"column":20},"end":{"line":405,"column":null}},"type":"binary-expr","locations":[{"start":{"line":405,"column":20},"end":{"line":405,"column":41}},{"start":{"line":405,"column":45},"end":{"line":405,"column":50}},{"start":{"line":405,"column":54},"end":{"line":405,"column":null}}],"line":405},"36":{"loc":{"start":{"line":409,"column":20},"end":{"line":411,"column":24}},"type":"cond-expr","locations":[{"start":{"line":410,"column":22},"end":{"line":410,"column":null}},{"start":{"line":411,"column":22},"end":{"line":411,"column":24}}],"line":409},"37":{"loc":{"start":{"line":409,"column":20},"end":{"line":409,"column":null}},"type":"binary-expr","locations":[{"start":{"line":409,"column":20},"end":{"line":409,"column":43}},{"start":{"line":409,"column":47},"end":{"line":409,"column":null}}],"line":409},"38":{"loc":{"start":{"line":418,"column":25},"end":{"line":420,"column":15}},"type":"cond-expr","locations":[{"start":{"line":419,"column":14},"end":{"line":419,"column":null}},{"start":{"line":420,"column":14},"end":{"line":420,"column":15}}],"line":418},"39":{"loc":{"start":{"line":418,"column":25},"end":{"line":418,"column":null}},"type":"binary-expr","locations":[{"start":{"line":418,"column":25},"end":{"line":418,"column":37}},{"start":{"line":418,"column":41},"end":{"line":418,"column":null}}],"line":418},"40":{"loc":{"start":{"line":433,"column":8},"end":{"line":436,"column":null}},"type":"if","locations":[{"start":{"line":433,"column":8},"end":{"line":436,"column":null}},{"start":{},"end":{}}],"line":433},"41":{"loc":{"start":{"line":445,"column":26},"end":{"line":445,"column":47}},"type":"binary-expr","locations":[{"start":{"line":445,"column":26},"end":{"line":445,"column":41}},{"start":{"line":445,"column":45},"end":{"line":445,"column":47}}],"line":445},"42":{"loc":{"start":{"line":446,"column":33},"end":{"line":446,"column":61}},"type":"binary-expr","locations":[{"start":{"line":446,"column":33},"end":{"line":446,"column":55}},{"start":{"line":446,"column":59},"end":{"line":446,"column":61}}],"line":446},"43":{"loc":{"start":{"line":447,"column":32},"end":{"line":447,"column":59}},"type":"binary-expr","locations":[{"start":{"line":447,"column":32},"end":{"line":447,"column":53}},{"start":{"line":447,"column":57},"end":{"line":447,"column":59}}],"line":447},"44":{"loc":{"start":{"line":448,"column":45},"end":{"line":448,"column":74}},"type":"binary-expr","locations":[{"start":{"line":448,"column":45},"end":{"line":448,"column":66}},{"start":{"line":448,"column":70},"end":{"line":448,"column":74}}],"line":448},"45":{"loc":{"start":{"line":449,"column":28},"end":{"line":449,"column":86}},"type":"cond-expr","locations":[{"start":{"line":449,"column":62},"end":{"line":449,"column":79}},{"start":{"line":449,"column":82},"end":{"line":449,"column":86}}],"line":449},"46":{"loc":{"start":{"line":450,"column":27},"end":{"line":450,"column":57}},"type":"binary-expr","locations":[{"start":{"line":450,"column":27},"end":{"line":450,"column":43}},{"start":{"line":450,"column":47},"end":{"line":450,"column":57}}],"line":450},"47":{"loc":{"start":{"line":451,"column":27},"end":{"line":451,"column":49}},"type":"binary-expr","locations":[{"start":{"line":451,"column":27},"end":{"line":451,"column":43}},{"start":{"line":451,"column":47},"end":{"line":451,"column":49}}],"line":451},"48":{"loc":{"start":{"line":461,"column":26},"end":{"line":461,"column":41}},"type":"binary-expr","locations":[{"start":{"line":461,"column":26},"end":{"line":461,"column":35}},{"start":{"line":461,"column":39},"end":{"line":461,"column":41}}],"line":461},"49":{"loc":{"start":{"line":475,"column":8},"end":{"line":475,"column":null}},"type":"if","locations":[{"start":{"line":475,"column":8},"end":{"line":475,"column":null}},{"start":{},"end":{}}],"line":475},"50":{"loc":{"start":{"line":475,"column":12},"end":{"line":475,"column":38}},"type":"binary-expr","locations":[{"start":{"line":475,"column":12},"end":{"line":475,"column":27}},{"start":{"line":475,"column":31},"end":{"line":475,"column":38}}],"line":475},"51":{"loc":{"start":{"line":482,"column":42},"end":{"line":482,"column":74}},"type":"binary-expr","locations":[{"start":{"line":482,"column":42},"end":{"line":482,"column":68}},{"start":{"line":482,"column":72},"end":{"line":482,"column":74}}],"line":482},"52":{"loc":{"start":{"line":483,"column":41},"end":{"line":483,"column":72}},"type":"binary-expr","locations":[{"start":{"line":483,"column":41},"end":{"line":483,"column":66}},{"start":{"line":483,"column":70},"end":{"line":483,"column":72}}],"line":483},"53":{"loc":{"start":{"line":487,"column":33},"end":{"line":487,"column":123}},"type":"binary-expr","locations":[{"start":{"line":487,"column":33},"end":{"line":487,"column":60}},{"start":{"line":487,"column":65},"end":{"line":487,"column":90}},{"start":{"line":487,"column":94},"end":{"line":487,"column":122}}],"line":487},"54":{"loc":{"start":{"line":489,"column":12},"end":{"line":491,"column":null}},"type":"if","locations":[{"start":{"line":489,"column":12},"end":{"line":491,"column":null}},{"start":{},"end":{}}],"line":489},"55":{"loc":{"start":{"line":493,"column":12},"end":{"line":497,"column":null}},"type":"if","locations":[{"start":{"line":493,"column":12},"end":{"line":497,"column":null}},{"start":{},"end":{}}],"line":493},"56":{"loc":{"start":{"line":493,"column":16},"end":{"line":493,"column":85}},"type":"binary-expr","locations":[{"start":{"line":493,"column":16},"end":{"line":493,"column":43}},{"start":{"line":493,"column":47},"end":{"line":493,"column":85}}],"line":493},"57":{"loc":{"start":{"line":512,"column":8},"end":{"line":512,"column":null}},"type":"if","locations":[{"start":{"line":512,"column":8},"end":{"line":512,"column":null}},{"start":{},"end":{}}],"line":512},"58":{"loc":{"start":{"line":512,"column":12},"end":{"line":512,"column":56}},"type":"binary-expr","locations":[{"start":{"line":512,"column":12},"end":{"line":512,"column":27}},{"start":{"line":512,"column":31},"end":{"line":512,"column":45}},{"start":{"line":512,"column":49},"end":{"line":512,"column":56}}],"line":512},"59":{"loc":{"start":{"line":519,"column":42},"end":{"line":519,"column":74}},"type":"binary-expr","locations":[{"start":{"line":519,"column":42},"end":{"line":519,"column":68}},{"start":{"line":519,"column":72},"end":{"line":519,"column":74}}],"line":519},"60":{"loc":{"start":{"line":520,"column":41},"end":{"line":520,"column":72}},"type":"binary-expr","locations":[{"start":{"line":520,"column":41},"end":{"line":520,"column":66}},{"start":{"line":520,"column":70},"end":{"line":520,"column":72}}],"line":520},"61":{"loc":{"start":{"line":524,"column":33},"end":{"line":524,"column":123}},"type":"binary-expr","locations":[{"start":{"line":524,"column":33},"end":{"line":524,"column":60}},{"start":{"line":524,"column":65},"end":{"line":524,"column":90}},{"start":{"line":524,"column":94},"end":{"line":524,"column":122}}],"line":524},"62":{"loc":{"start":{"line":526,"column":12},"end":{"line":528,"column":null}},"type":"if","locations":[{"start":{"line":526,"column":12},"end":{"line":528,"column":null}},{"start":{},"end":{}}],"line":526},"63":{"loc":{"start":{"line":530,"column":12},"end":{"line":532,"column":null}},"type":"if","locations":[{"start":{"line":530,"column":12},"end":{"line":532,"column":null}},{"start":{},"end":{}}],"line":530},"64":{"loc":{"start":{"line":535,"column":12},"end":{"line":539,"column":null}},"type":"if","locations":[{"start":{"line":535,"column":12},"end":{"line":539,"column":null}},{"start":{},"end":{}}],"line":535},"65":{"loc":{"start":{"line":535,"column":16},"end":{"line":535,"column":85}},"type":"binary-expr","locations":[{"start":{"line":535,"column":16},"end":{"line":535,"column":43}},{"start":{"line":535,"column":47},"end":{"line":535,"column":85}}],"line":535},"66":{"loc":{"start":{"line":542,"column":12},"end":{"line":546,"column":null}},"type":"if","locations":[{"start":{"line":542,"column":12},"end":{"line":546,"column":null}},{"start":{},"end":{}}],"line":542},"67":{"loc":{"start":{"line":542,"column":16},"end":{"line":542,"column":87}},"type":"binary-expr","locations":[{"start":{"line":542,"column":16},"end":{"line":542,"column":44}},{"start":{"line":542,"column":48},"end":{"line":542,"column":87}}],"line":542},"68":{"loc":{"start":{"line":570,"column":8},"end":{"line":573,"column":null}},"type":"if","locations":[{"start":{"line":570,"column":8},"end":{"line":573,"column":null}},{"start":{},"end":{}}],"line":570},"69":{"loc":{"start":{"line":570,"column":12},"end":{"line":570,"column":32}},"type":"binary-expr","locations":[{"start":{"line":570,"column":12},"end":{"line":570,"column":21}},{"start":{"line":570,"column":25},"end":{"line":570,"column":32}}],"line":570},"70":{"loc":{"start":{"line":596,"column":24},"end":{"line":596,"column":null}},"type":"cond-expr","locations":[{"start":{"line":596,"column":46},"end":{"line":596,"column":53}},{"start":{"line":596,"column":57},"end":{"line":596,"column":102}}],"line":596},"71":{"loc":{"start":{"line":596,"column":57},"end":{"line":596,"column":102}},"type":"cond-expr","locations":[{"start":{"line":596,"column":77},"end":{"line":596,"column":94}},{"start":{"line":596,"column":97},"end":{"line":596,"column":102}}],"line":596},"72":{"loc":{"start":{"line":602,"column":25},"end":{"line":604,"column":15}},"type":"cond-expr","locations":[{"start":{"line":603,"column":14},"end":{"line":603,"column":null}},{"start":{"line":604,"column":14},"end":{"line":604,"column":15}}],"line":602},"73":{"loc":{"start":{"line":602,"column":25},"end":{"line":602,"column":null}},"type":"binary-expr","locations":[{"start":{"line":602,"column":25},"end":{"line":602,"column":37}},{"start":{"line":602,"column":41},"end":{"line":602,"column":null}}],"line":602},"74":{"loc":{"start":{"line":626,"column":8},"end":{"line":626,"column":null}},"type":"if","locations":[{"start":{"line":626,"column":8},"end":{"line":626,"column":null}},{"start":{},"end":{}}],"line":626},"75":{"loc":{"start":{"line":634,"column":16},"end":{"line":634,"column":null}},"type":"if","locations":[{"start":{"line":634,"column":16},"end":{"line":634,"column":null}},{"start":{},"end":{}}],"line":634},"76":{"loc":{"start":{"line":645,"column":33},"end":{"line":645,"column":59}},"type":"binary-expr","locations":[{"start":{"line":645,"column":33},"end":{"line":645,"column":53}},{"start":{"line":645,"column":57},"end":{"line":645,"column":59}}],"line":645},"77":{"loc":{"start":{"line":646,"column":34},"end":{"line":646,"column":61}},"type":"binary-expr","locations":[{"start":{"line":646,"column":34},"end":{"line":646,"column":55}},{"start":{"line":646,"column":59},"end":{"line":646,"column":61}}],"line":646},"78":{"loc":{"start":{"line":647,"column":30},"end":{"line":647,"column":53}},"type":"binary-expr","locations":[{"start":{"line":647,"column":30},"end":{"line":647,"column":47}},{"start":{"line":647,"column":51},"end":{"line":647,"column":53}}],"line":647},"79":{"loc":{"start":{"line":648,"column":38},"end":{"line":648,"column":68}},"type":"binary-expr","locations":[{"start":{"line":648,"column":38},"end":{"line":648,"column":63}},{"start":{"line":648,"column":67},"end":{"line":648,"column":68}}],"line":648},"80":{"loc":{"start":{"line":649,"column":43},"end":{"line":649,"column":80}},"type":"binary-expr","locations":[{"start":{"line":649,"column":43},"end":{"line":649,"column":73}},{"start":{"line":649,"column":77},"end":{"line":649,"column":80}}],"line":649},"81":{"loc":{"start":{"line":650,"column":35},"end":{"line":650,"column":65}},"type":"binary-expr","locations":[{"start":{"line":650,"column":35},"end":{"line":650,"column":57}},{"start":{"line":650,"column":61},"end":{"line":650,"column":65}}],"line":650},"82":{"loc":{"start":{"line":651,"column":31},"end":{"line":651,"column":58}},"type":"binary-expr","locations":[{"start":{"line":651,"column":31},"end":{"line":651,"column":49}},{"start":{"line":651,"column":53},"end":{"line":651,"column":58}}],"line":651},"83":{"loc":{"start":{"line":652,"column":32},"end":{"line":652,"column":94}},"type":"cond-expr","locations":[{"start":{"line":652,"column":68},"end":{"line":652,"column":87}},{"start":{"line":652,"column":90},"end":{"line":652,"column":94}}],"line":652},"84":{"loc":{"start":{"line":653,"column":38},"end":{"line":653,"column":112}},"type":"cond-expr","locations":[{"start":{"line":653,"column":80},"end":{"line":653,"column":105}},{"start":{"line":653,"column":108},"end":{"line":653,"column":112}}],"line":653},"85":{"loc":{"start":{"line":654,"column":33},"end":{"line":654,"column":98}},"type":"cond-expr","locations":[{"start":{"line":654,"column":70},"end":{"line":654,"column":90}},{"start":{"line":654,"column":93},"end":{"line":654,"column":98}}],"line":654},"86":{"loc":{"start":{"line":655,"column":28},"end":{"line":655,"column":82}},"type":"cond-expr","locations":[{"start":{"line":655,"column":60},"end":{"line":655,"column":75}},{"start":{"line":655,"column":78},"end":{"line":655,"column":82}}],"line":655},"87":{"loc":{"start":{"line":658,"column":27},"end":{"line":658,"column":55}},"type":"binary-expr","locations":[{"start":{"line":658,"column":27},"end":{"line":658,"column":41}},{"start":{"line":658,"column":45},"end":{"line":658,"column":55}}],"line":658},"88":{"loc":{"start":{"line":668,"column":33},"end":{"line":668,"column":48}},"type":"binary-expr","locations":[{"start":{"line":668,"column":33},"end":{"line":668,"column":42}},{"start":{"line":668,"column":46},"end":{"line":668,"column":48}}],"line":668},"89":{"loc":{"start":{"line":678,"column":8},"end":{"line":678,"column":null}},"type":"if","locations":[{"start":{"line":678,"column":8},"end":{"line":678,"column":null}},{"start":{},"end":{}}],"line":678},"90":{"loc":{"start":{"line":678,"column":12},"end":{"line":678,"column":38}},"type":"binary-expr","locations":[{"start":{"line":678,"column":12},"end":{"line":678,"column":27}},{"start":{"line":678,"column":31},"end":{"line":678,"column":38}}],"line":678},"91":{"loc":{"start":{"line":685,"column":12},"end":{"line":685,"column":null}},"type":"if","locations":[{"start":{"line":685,"column":12},"end":{"line":685,"column":null}},{"start":{},"end":{}}],"line":685},"92":{"loc":{"start":{"line":686,"column":12},"end":{"line":686,"column":null}},"type":"if","locations":[{"start":{"line":686,"column":12},"end":{"line":686,"column":null}},{"start":{},"end":{}}],"line":686},"93":{"loc":{"start":{"line":699,"column":8},"end":{"line":699,"column":null}},"type":"if","locations":[{"start":{"line":699,"column":8},"end":{"line":699,"column":null}},{"start":{},"end":{}}],"line":699},"94":{"loc":{"start":{"line":699,"column":12},"end":{"line":699,"column":54}},"type":"binary-expr","locations":[{"start":{"line":699,"column":12},"end":{"line":699,"column":27}},{"start":{"line":699,"column":31},"end":{"line":699,"column":43}},{"start":{"line":699,"column":47},"end":{"line":699,"column":54}}],"line":699},"95":{"loc":{"start":{"line":706,"column":12},"end":{"line":706,"column":null}},"type":"if","locations":[{"start":{"line":706,"column":12},"end":{"line":706,"column":null}},{"start":{},"end":{}}],"line":706},"96":{"loc":{"start":{"line":707,"column":12},"end":{"line":707,"column":null}},"type":"if","locations":[{"start":{"line":707,"column":12},"end":{"line":707,"column":null}},{"start":{},"end":{}}],"line":707},"97":{"loc":{"start":{"line":738,"column":39},"end":{"line":738,"column":54}},"type":"default-arg","locations":[{"start":{"line":738,"column":50},"end":{"line":738,"column":54}}],"line":738},"98":{"loc":{"start":{"line":751,"column":57},"end":{"line":751,"column":72}},"type":"default-arg","locations":[{"start":{"line":751,"column":68},"end":{"line":751,"column":72}}],"line":751},"99":{"loc":{"start":{"line":758,"column":12},"end":{"line":758,"column":null}},"type":"if","locations":[{"start":{"line":758,"column":12},"end":{"line":758,"column":null}},{"start":{},"end":{}}],"line":758},"100":{"loc":{"start":{"line":767,"column":63},"end":{"line":767,"column":78}},"type":"default-arg","locations":[{"start":{"line":767,"column":74},"end":{"line":767,"column":78}}],"line":767},"101":{"loc":{"start":{"line":772,"column":12},"end":{"line":772,"column":null}},"type":"if","locations":[{"start":{"line":772,"column":12},"end":{"line":772,"column":null}},{"start":{},"end":{}}],"line":772},"102":{"loc":{"start":{"line":781,"column":62},"end":{"line":781,"column":77}},"type":"default-arg","locations":[{"start":{"line":781,"column":73},"end":{"line":781,"column":77}}],"line":781},"103":{"loc":{"start":{"line":786,"column":12},"end":{"line":786,"column":null}},"type":"if","locations":[{"start":{"line":786,"column":12},"end":{"line":786,"column":null}},{"start":{},"end":{}}],"line":786},"104":{"loc":{"start":{"line":795,"column":74},"end":{"line":795,"column":89}},"type":"default-arg","locations":[{"start":{"line":795,"column":85},"end":{"line":795,"column":89}}],"line":795},"105":{"loc":{"start":{"line":820,"column":24},"end":{"line":820,"column":61}},"type":"cond-expr","locations":[{"start":{"line":820,"column":46},"end":{"line":820,"column":53}},{"start":{"line":820,"column":56},"end":{"line":820,"column":61}}],"line":820},"106":{"loc":{"start":{"line":836,"column":8},"end":{"line":836,"column":null}},"type":"if","locations":[{"start":{"line":836,"column":8},"end":{"line":836,"column":null}},{"start":{},"end":{}}],"line":836},"107":{"loc":{"start":{"line":852,"column":33},"end":{"line":852,"column":63}},"type":"binary-expr","locations":[{"start":{"line":852,"column":33},"end":{"line":852,"column":57}},{"start":{"line":852,"column":61},"end":{"line":852,"column":63}}],"line":852},"108":{"loc":{"start":{"line":853,"column":38},"end":{"line":853,"column":76}},"type":"binary-expr","locations":[{"start":{"line":853,"column":38},"end":{"line":853,"column":67}},{"start":{"line":853,"column":71},"end":{"line":853,"column":76}}],"line":853},"109":{"loc":{"start":{"line":854,"column":28},"end":{"line":854,"column":90}},"type":"cond-expr","locations":[{"start":{"line":854,"column":64},"end":{"line":854,"column":83}},{"start":{"line":854,"column":86},"end":{"line":854,"column":90}}],"line":854},"110":{"loc":{"start":{"line":865,"column":33},"end":{"line":865,"column":48}},"type":"binary-expr","locations":[{"start":{"line":865,"column":33},"end":{"line":865,"column":42}},{"start":{"line":865,"column":46},"end":{"line":865,"column":48}}],"line":865},"111":{"loc":{"start":{"line":875,"column":8},"end":{"line":875,"column":null}},"type":"if","locations":[{"start":{"line":875,"column":8},"end":{"line":875,"column":null}},{"start":{},"end":{}}],"line":875},"112":{"loc":{"start":{"line":875,"column":12},"end":{"line":875,"column":38}},"type":"binary-expr","locations":[{"start":{"line":875,"column":12},"end":{"line":875,"column":27}},{"start":{"line":875,"column":31},"end":{"line":875,"column":38}}],"line":875},"113":{"loc":{"start":{"line":903,"column":8},"end":{"line":903,"column":null}},"type":"if","locations":[{"start":{"line":903,"column":8},"end":{"line":903,"column":null}},{"start":{},"end":{}}],"line":903},"114":{"loc":{"start":{"line":903,"column":12},"end":{"line":903,"column":58}},"type":"binary-expr","locations":[{"start":{"line":903,"column":12},"end":{"line":903,"column":27}},{"start":{"line":903,"column":31},"end":{"line":903,"column":47}},{"start":{"line":903,"column":51},"end":{"line":903,"column":58}}],"line":903},"115":{"loc":{"start":{"line":932,"column":8},"end":{"line":932,"column":null}},"type":"if","locations":[{"start":{"line":932,"column":8},"end":{"line":932,"column":null}},{"start":{},"end":{}}],"line":932},"116":{"loc":{"start":{"line":957,"column":38},"end":{"line":957,"column":60}},"type":"default-arg","locations":[{"start":{"line":957,"column":56},"end":{"line":957,"column":60}}],"line":957},"117":{"loc":{"start":{"line":957,"column":62},"end":{"line":957,"column":75}},"type":"default-arg","locations":[{"start":{"line":957,"column":73},"end":{"line":957,"column":75}}],"line":957},"118":{"loc":{"start":{"line":965,"column":8},"end":{"line":967,"column":null}},"type":"if","locations":[{"start":{"line":965,"column":8},"end":{"line":967,"column":null}},{"start":{},"end":{}}],"line":965},"119":{"loc":{"start":{"line":982,"column":54},"end":{"line":982,"column":76}},"type":"default-arg","locations":[{"start":{"line":982,"column":72},"end":{"line":982,"column":76}}],"line":982},"120":{"loc":{"start":{"line":988,"column":38},"end":{"line":988,"column":120}},"type":"binary-expr","locations":[{"start":{"line":988,"column":38},"end":{"line":988,"column":63}},{"start":{"line":988,"column":67},"end":{"line":988,"column":78}},{"start":{"line":988,"column":82},"end":{"line":988,"column":120}}],"line":988},"121":{"loc":{"start":{"line":1000,"column":38},"end":{"line":1000,"column":113}},"type":"binary-expr","locations":[{"start":{"line":1000,"column":38},"end":{"line":1000,"column":63}},{"start":{"line":1000,"column":67},"end":{"line":1000,"column":78}},{"start":{"line":1000,"column":82},"end":{"line":1000,"column":113}}],"line":1000},"122":{"loc":{"start":{"line":1012,"column":38},"end":{"line":1012,"column":116}},"type":"binary-expr","locations":[{"start":{"line":1012,"column":38},"end":{"line":1012,"column":63}},{"start":{"line":1012,"column":67},"end":{"line":1012,"column":78}},{"start":{"line":1012,"column":82},"end":{"line":1012,"column":116}}],"line":1012},"123":{"loc":{"start":{"line":1024,"column":38},"end":{"line":1024,"column":117}},"type":"binary-expr","locations":[{"start":{"line":1024,"column":38},"end":{"line":1024,"column":63}},{"start":{"line":1024,"column":67},"end":{"line":1024,"column":78}},{"start":{"line":1024,"column":82},"end":{"line":1024,"column":117}}],"line":1024},"124":{"loc":{"start":{"line":1036,"column":38},"end":{"line":1036,"column":120}},"type":"binary-expr","locations":[{"start":{"line":1036,"column":38},"end":{"line":1036,"column":63}},{"start":{"line":1036,"column":67},"end":{"line":1036,"column":78}},{"start":{"line":1036,"column":82},"end":{"line":1036,"column":120}}],"line":1036},"125":{"loc":{"start":{"line":1048,"column":38},"end":{"line":1048,"column":121}},"type":"binary-expr","locations":[{"start":{"line":1048,"column":38},"end":{"line":1048,"column":63}},{"start":{"line":1048,"column":67},"end":{"line":1048,"column":78}},{"start":{"line":1048,"column":82},"end":{"line":1048,"column":121}}],"line":1048},"126":{"loc":{"start":{"line":1054,"column":82},"end":{"line":1054,"column":94}},"type":"default-arg","locations":[{"start":{"line":1054,"column":92},"end":{"line":1054,"column":
[...]
:{"line":462,"column":42},"end":{"line":462,"column":43}},"loc":{"start":{"line":462,"column":53},"end":{"line":462,"column":73}},"line":462},"52":{"name":"(anonymous_52)","decl":{"start":{"line":468,"column":28},"end":{"line":468,"column":29}},"loc":{"start":{"line":468,"column":48},"end":{"line":477,"column":3}},"line":468},"53":{"name":"(anonymous_53)","decl":{"start":{"line":473,"column":20},"end":{"line":473,"column":21}},"loc":{"start":{"line":473,"column":27},"end":{"line":473,"column":43}},"line":473},"54":{"name":"(anonymous_54)","decl":{"start":{"line":486,"column":13},"end":{"line":486,"column":14}},"loc":{"start":{"line":486,"column":19},"end":{"line":489,"column":3}},"line":486},"55":{"name":"(anonymous_55)","decl":{"start":{"line":488,"column":57},"end":{"line":488,"column":58}},"loc":{"start":{"line":488,"column":66},"end":{"line":488,"column":78}},"line":488},"56":{"name":"(anonymous_56)","decl":{"start":{"line":494,"column":13},"end":{"line":494,"column":14}},"loc":{"start":{"line":494,"column":19},"end":{"line":497,"column":3}},"line":494},"57":{"name":"(anonymous_57)","decl":{"start":{"line":496,"column":62},"end":{"line":496,"column":63}},"loc":{"start":{"line":496,"column":71},"end":{"line":496,"column":83}},"line":496},"58":{"name":"(anonymous_58)","decl":{"start":{"line":502,"column":16},"end":{"line":502,"column":17}},"loc":{"start":{"line":502,"column":22},"end":{"line":513,"column":3}},"line":502},"59":{"name":"(anonymous_59)","decl":{"start":{"line":505,"column":14},"end":{"line":505,"column":15}},"loc":{"start":{"line":505,"column":28},"end":{"line":505,"column":40}},"line":505},"60":{"name":"(anonymous_60)","decl":{"start":{"line":506,"column":11},"end":{"line":506,"column":12}},"loc":{"start":{"line":506,"column":28},"end":{"line":506,"column":55}},"line":506},"61":{"name":"(anonymous_61)","decl":{"start":{"line":518,"column":15},"end":{"line":518,"column":16}},"loc":{"start":{"line":518,"column":21},"end":{"line":529,"column":3}},"line":518},"62":{"name":"(anonymous_62)","decl":{"start":{"line":534,"column":14},"end":{"line":534,"column":15}},"loc":{"start":{"line":534,"column":29},"end":{"line":542,"column":3}},"line":534},"63":{"name":"(anonymous_63)","decl":{"start":{"line":538,"column":10},"end":{"line":538,"column":11}},"loc":{"start":{"line":538,"column":22},"end":{"line":540,"column":7}},"line":538},"64":{"name":"(anonymous_64)","decl":{"start":{"line":547,"column":23},"end":{"line":547,"column":24}},"loc":{"start":{"line":547,"column":29},"end":{"line":549,"column":3}},"line":547},"65":{"name":"(anonymous_65)","decl":{"start":{"line":554,"column":9},"end":{"line":554,"column":10}},"loc":{"start":{"line":554,"column":15},"end":{"line":582,"column":3}},"line":554},"66":{"name":"(anonymous_66)","decl":{"start":{"line":592,"column":19},"end":{"line":592,"column":20}},"loc":{"start":{"line":592,"column":30},"end":{"line":613,"column":3}},"line":592}},"branchMap":{"0":{"loc":{"start":{"line":73,"column":27},"end":{"line":73,"column":80}},"type":"binary-expr","locations":[{"start":{"line":73,"column":27},"end":{"line":73,"column":52}},{"start":{"line":73,"column":56},"end":{"line":73,"column":80}}],"line":73},"1":{"loc":{"start":{"line":85,"column":23},"end":{"line":85,"column":39}},"type":"default-arg","locations":[{"start":{"line":85,"column":37},"end":{"line":85,"column":39}}],"line":85},"2":{"loc":{"start":{"line":85,"column":41},"end":{"line":85,"column":59}},"type":"default-arg","locations":[{"start":{"line":85,"column":54},"end":{"line":85,"column":59}}],"line":85},"3":{"loc":{"start":{"line":90,"column":30},"end":{"line":91,"column":94}},"type":"binary-expr","locations":[{"start":{"line":90,"column":30},"end":{"line":90,"column":89}},{"start":{"line":91,"column":28},"end":{"line":91,"column":94}}],"line":90},"4":{"loc":{"start":{"line":92,"column":28},"end":{"line":94,"column":73}},"type":"binary-expr","locations":[{"start":{"line":92,"column":28},"end":{"line":92,"column":48}},{"start":{"line":93,"column":27},"end":{"line":93,"column":48}},{"start":{"line":93,"column":52},"end":{"line":93,"column":69}},{"start":{"line":94,"column":27},"end":{"line":94,"column":52}},{"start":{"line":94,"column":56},"end":{"line":94,"column":72}}],"line":92},"5":{"loc":{"start":{"line":95,"column":15},"end":{"line":95,"column":43}},"type":"binary-expr","locations":[{"start":{"line":95,"column":15},"end":{"line":95,"column":28}},{"start":{"line":95,"column":32},"end":{"line":95,"column":43}}],"line":95},"6":{"loc":{"start":{"line":141,"column":17},"end":{"line":141,"column":35}},"type":"binary-expr","locations":[{"start":{"line":141,"column":17},"end":{"line":141,"column":29}},{"start":{"line":141,"column":33},"end":{"line":141,"column":35}}],"line":141},"7":{"loc":{"start":{"line":146,"column":27},"end":{"line":146,"column":88}},"type":"binary-expr","locations":[{"start":{"line":146,"column":27},"end":{"line":146,"column":52}},{"start":{"line":146,"column":56},"end":{"line":146,"column":88}}],"line":146},"8":{"loc":{"start":{"line":221,"column":27},"end":{"line":221,"column":83}},"type":"binary-expr","locations":[{"start":{"line":221,"column":27},"end":{"line":221,"column":52}},{"start":{"line":221,"column":56},"end":{"line":221,"column":83}}],"line":221},"9":{"loc":{"start":{"line":290,"column":27},"end":{"line":290,"column":86}},"type":"binary-expr","locations":[{"start":{"line":290,"column":27},"end":{"line":290,"column":52}},{"start":{"line":290,"column":56},"end":{"line":290,"column":86}}],"line":290},"10":{"loc":{"start":{"line":333,"column":27},"end":{"line":333,"column":96}},"type":"binary-expr","locations":[{"start":{"line":333,"column":27},"end":{"line":333,"column":52}},{"start":{"line":333,"column":56},"end":{"line":333,"column":96}}],"line":333},"11":{"loc":{"start":{"line":366,"column":27},"end":{"line":366,"column":81}},"type":"binary-expr","locations":[{"start":{"line":366,"column":27},"end":{"line":366,"column":52}},{"start":{"line":366,"column":56},"end":{"line":366,"column":81}}],"line":366},"12":{"loc":{"start":{"line":393,"column":4},"end":{"line":393,"column":null}},"type":"if","locations":[{"start":{"line":393,"column":4},"end":{"line":393,"column":null}},{"start":{},"end":{}}],"line":393},"13":{"loc":{"start":{"line":393,"column":8},"end":{"line":393,"column":58}},"type":"binary-expr","locations":[{"start":{"line":393,"column":8},"end":{"line":393,"column":23}},{"start":{"line":393,"column":27},"end":{"line":393,"column":58}}],"line":393},"14":{"loc":{"start":{"line":397,"column":6},"end":{"line":409,"column":null}},"type":"if","locations":[{"start":{"line":397,"column":6},"end":{"line":409,"column":null}},{"start":{},"end":{}}],"line":397},"15":{"loc":{"start":{"line":399,"column":10},"end":{"line":407,"column":null}},"type":"if","locations":[{"start":{"line":399,"column":10},"end":{"line":407,"column":null}},{"start":{},"end":{}}],"line":399},"16":{"loc":{"start":{"line":399,"column":14},"end":{"line":399,"column":47}},"type":"binary-expr","locations":[{"start":{"line":399,"column":14},"end":{"line":399,"column":34}},{"start":{"line":399,"column":38},"end":{"line":399,"column":47}}],"line":399},"17":{"loc":{"start":{"line":420,"column":4},"end":{"line":420,"column":null}},"type":"if","locations":[{"start":{"line":420,"column":4},"end":{"line":420,"column":null}},{"start":{},"end":{}}],"line":420},"18":{"loc":{"start":{"line":420,"column":8},"end":{"line":420,"column":56}},"type":"binary-expr","locations":[{"start":{"line":420,"column":8},"end":{"line":420,"column":23}},{"start":{"line":420,"column":27},"end":{"line":420,"column":56}}],"line":420},"19":{"loc":{"start":{"line":423,"column":24},"end":{"line":423,"column":57}},"type":"binary-expr","locations":[{"start":{"line":423,"column":24},"end":{"line":423,"column":44}},{"start":{"line":423,"column":48},"end":{"line":423,"column":57}}],"line":423},"20":{"loc":{"start":{"line":437,"column":11},"end":{"line":437,"column":37}},"type":"binary-expr","locations":[{"start":{"line":437,"column":11},"end":{"line":437,"column":31}},{"start":{"line":437,"column":35},"end":{"line":437,"column":37}}],"line":437},"21":{"loc":{"start":{"line":445,"column":11},"end":{"line":445,"column":43}},"type":"binary-expr","locations":[{"start":{"line":445,"column":11},"end":{"line":445,"column":37}},{"start":{"line":445,"column":41},"end":{"line":445,"column":43}}],"line":445},"22":{"loc":{"start":{"line":453,"column":11},"end":{"line":453,"column":43}},"type":"binary-expr","locations":[{"start":{"line":453,"column":11},"end":{"line":453,"column":37}},{"start":{"line":453,"column":41},"end":{"line":453,"column":43}}],"line":453},"23":{"loc":{"start":{"line":461,"column":4},"end":{"line":461,"column":null}},"type":"if","locations":[{"start":{"line":461,"column":4},"end":{"line":461,"column":null}},{"start":{},"end":{}}],"line":461},"24":{"loc":{"start":{"line":468,"column":29},"end":{"line":468,"column":43}},"type":"default-arg","locations":[{"start":{"line":468,"column":39},"end":{"line":468,"column":43}}],"line":468},"25":{"loc":{"start":{"line":470,"column":4},"end":{"line":470,"column":null}},"type":"if","locations":[{"start":{"line":470,"column":4},"end":{"line":470,"column":null}},{"start":{},"end":{}}],"line":470},"26":{"loc":{"start":{"line":472,"column":18},"end":{"line":474,"column":17}},"type":"cond-expr","locations":[{"start":{"line":473,"column":8},"end":{"line":473,"column":null}},{"start":{"line":474,"column":8},"end":{"line":474,"column":17}}],"line":472},"27":{"loc":{"start":{"line":476,"column":11},"end":{"line":476,"column":33}},"type":"binary-expr","locations":[{"start":{"line":476,"column":11},"end":{"line":476,"column":27}},{"start":{"line":476,"column":31},"end":{"line":476,"column":33}}],"line":476},"28":{"loc":{"start":{"line":488,"column":11},"end":{"line":488,"column":79}},"type":"binary-expr","locations":[{"start":{"line":488,"column":11},"end":{"line":488,"column":25}},{"start":{"line":488,"column":29},"end":{"line":488,"column":79}}],"line":488},"29":{"loc":{"start":{"line":496,"column":11},"end":{"line":496,"column":84}},"type":"binary-expr","locations":[{"start":{"line":496,"column":11},"end":{"line":496,"column":32}},{"start":{"line":496,"column":36},"end":{"line":496,"column":84}}],"line":496},"30":{"loc":{"start":{"line":508,"column":4},"end":{"line":510,"column":null}},"type":"if","locations":[{"start":{"line":508,"column":4},"end":{"line":510,"column":null}},{"start":{},"end":{}}],"line":508},"31":{"loc":{"start":{"line":535,"column":4},"end":{"line":541,"column":null}},"type":"if","locations":[{"start":{"line":535,"column":4},"end":{"line":541,"column":null}},{"start":{"line":537,"column":11},"end":{"line":541,"column":null}}],"line":535},"32":{"loc":{"start":{"line":593,"column":4},"end":{"line":612,"column":null}},"type":"switch","locations":[{"start":{"line":594,"column":6},"end":{"line":596,"column":null}},{"start":{"line":597,"column":6},"end":{"line":600,"column":null}},{"start":{"line":601,"column":6},"end":{"line":603,"column":null}},{"start":{"line":604,"column":6},"end":{"line":606,"column":null}},{"start":{"line":607,"column":6},"end":{"line":609,"column":null}},{"start":{"line":610,"column":6},"end":{"line":611,"column":null}}],"line":593}},"s":{"0":1,"1":1,"2":2,"3":2,"4":2,"5":1,"6":1,"7":1,"8":1,"9":1,"10":0,"11":0,"12":0,"13":0,"14":0,"15":0,"16":0,"17":0,"18":1,"19":1,"20":1,"21":2,"22":1,"23":1,"24":2,"25":1,"26":1,"27":2,"28":1,"29":0,"30":0,"31":0,"32":0,"33":0,"34":0,"35":0,"36":0,"37":0,"38":0,"39":0,"40":1,"41":1,"42":1,"43":0,"44":0,"45":0,"46":0,"47":0,"48":0,"49":0,"50":0,"51":0,"52":0,"53":0,"54":0,"55":0,"56":0,"57":0,"58":0,"59":0,"60":0,"61":0,"62":0,"63":0,"64":0,"65":0,"66":0,"67":0,"68":0,"69":0,"70":0,"71":0,"72":0,"73":0,"74":0,"75":0,"76":0,"77":0,"78":0,"79":0,"80":0,"81":0,"82":0,"83":0,"84":0,"85":0,"86":0,"87":0,"88":0,"89":0,"90":0,"91":0,"92":0,"93":0,"94":0,"95":0,"96":0,"97":0,"98":0,"99":0,"100":0,"101":0,"102":0,"103":0,"104":0,"105":0,"106":0,"107":0,"108":0,"109":0,"110":0,"111":0,"112":0,"113":0,"114":0,"115":0,"116":0,"117":0,"118":0,"119":0,"120":0,"121":0,"122":0,"123":0,"124":0,"125":0,"126":0,"127":0,"128":0,"129":0,"130":0,"131":0,"132":0,"133":0,"134":0,"135":0,"136":0,"137":0,"138":0,"139":0,"140":0,"141":0,"142":0,"143":0,"144":0,"145":0,"146":5,"147":0,"148":0,"149":0,"150":0,"151":0,"152":0,"153":0,"154":0,"155":0,"156":0,"157":0,"158":0,"159":0},"f":{"0":1,"1":2,"2":0,"3":0,"4":0,"5":0,"6":1,"7":1,"8":2,"9":1,"10":2,"11":1,"12":2,"13":0,"14":0,"15":0,"16":0,"17":1,"18":1,"19":1,"20":0,"21":0,"22":0,"23":0,"24":0,"25":0,"26":0,"27":0,"28":0,"29":0,"30":0,"31":0,"32":0,"33":0,"34":0,"35":0,"36":0,"37":0,"38":0,"39":0,"40":0,"41":0,"42":0,"43":0,"44":0,"45":0,"46":0,"47":0,"48":0,"49":0,"50":0,"51":0,"52":0,"53":0,"54":0,"55":0,"56":0,"57":0,"58":0,"59":0,"60":0,"61":0,"62":0,"63":0,"64":0,"65":5,"66":0},"b":{"0":[1,0],"1":[0],"2":[0],"3":[0,0],"4":[0,0,0,0,0],"5":[0,0],"6":[0,0],"7":[0,0],"8":[0,0],"9":[0,0],"10":[0,0],"11":[0,0],"12":[0,0],"13":[0,0],"14":[0,0],"15":[0,0],"16":[0,0],"17":[0,0],"18":[0,0],"19":[0,0],"20":[0,0],"21":[0,0],"22":[0,0],"23":[0,0],"24":[0],"25":[0,0],"26":[0,0],"27":[0,0],"28":[0,0],"29":[0,0],"30":[0,0],"31":[0,0],"32":[0,0,0,0,0,0]},"meta":{"lastBranch":33,"lastFunction":67,"lastStatement":160,"seen":{"s:11:34:614:3":0,"f:11:42:11:43":0,"s:11:57:614:1":1,"f:61:22:61:27":1,"s:62:4:62:Infinity":2,"s:64:4:79:Infinity":3,"s:65:19:65:53":4,"s:66:6:70:Infinity":5,"s:71:6:71:Infinity":6,"s:73:27:73:80":7,"b:73:27:73:52:73:56:73:80":0,"s:74:6:77:Infinity":8,"s:78:6:78:Infinity":9,"f:85:22:85:23":2,"b:85:37:85:39":1,"b:85:54:85:59":2,"s:86:32:86:37":10,"s:88:4:102:Infinity":11,"f:88:31:88:37":3,"s:89:30:96:8":12,"f:89:52:89:56":4,"s:90:30:91:94":13,"b:90:30:90:89:91:28:91:94":3,"s:92:28:94:73":14,"b:92:28:92:48:93:27:93:48:93:52:93:69:94:27:94:52:94:56:94:72":4,"s:95:8:95:Infinity":15,"b:95:15:95:28:95:32:95:43":5,"s:98:6:101:Infinity":16,"f:102:14:102:20":5,"s:102:24:102:49":17,"f:108:16:108:17":6,"s:109:32:109:37":18,"s:111:25:113:5":19,"f:112:6:112:7":7,"s:112:18:112:68":20,"f:112:41:112:42":8,"s:112:46:112:60":21,"s:114:27:116:5":22,"f:115:6:115:7":9,"s:115:18:115:67":23,"f:115:41:115:42":10,"s:115:46:115:59":24,"s:117:24:119:5":25,"f:118:6:118:7":11,"s:118:18:118:62":26,"f:118:41:118:42":12,"s:118:46:118:54":27,"s:121:4:121:Infinity":28,"f:132:22:132:27":13,"s:133:4:136:Infinity":29,"f:133:8:133:9":14,"s:133:20:136:5":30,"s:138:4:152:Infinity":31,"s:139:19:139:44":32,"s:140:6:143:Infinity":33,"f:140:10:140:11":15,"s:140:22:143:7":34,"b:141:17:141:29:141:33:141:35":6,"s:144:6:144:Infinity":35,"s:146:27:146:88":36,"b:146:27:146:52:146:56:146:88":7,"s:147:6:150:Infinity":37,"f:147:10:147:11":16,"s:147:22:150:7":38,"s:151:6:151:Infinity":39,"f:158:16:158:17":17,"s:159:4:166:Infinity":40,"f:172:16:172:17":18,"s:173:4:179:Infinity":41,"f:185:15:185:16":19,"s:186:4:193:Infinity":42,"f:204:17:204:22":20,"s:205:4:211:Infinity":43,"f:205:8:205:9":21,"s:205:20:211:5":44,"s:213:4:227:Infinity":45,"s:214:19:214:55":46,"s:215:6:218:Infinity":47,"f:215:10:215:11":22,"s:215:22:218:7":48,"s:219:6:219:Infinity":49,"s:221:27:221:83":50,"b:221:27:221:52:221:56:221:83":8,"s:222:6:225:Infinity":51,"f:222:10:222:11":23,"s:222:22:225:7":52,"s:226:6:226:Infinity":53,"f:233:26:233:31":24,"s:234:4:238:Infinity":54,"s:240:4:240:Infinity":55,"f:246:14:246:15":25,"s:247:4:251:Infinity":56,"f:257:13:257:14":26,"s:258:4:263:Infinity":57,"f:274:20:274:25":27,"s:275:4:280:Infinity":58,"f:275:8:275:9":28,"s:275:20:280:5":59,"s:282:4:296:Infinity":60,"s:283:19:283:66":61,"s:284:6:287:Infinity":62,"f:284:10:284:11":29,"s:284:22:287:7":63,"s:288:6:288:Infinity":64,"s:290:27:290:86":65,"b:290:27:290:52:290:56:290:86":9,"s:291:6:294:Infinity":66,"f:291:10:291:11":30,"s:291:22:294:7":67,"s:295:6:295:Infinity":68,"f:302:21:302:22":31,"s:303:4:306:Infinity":69,"f:318:22:318:27":32,"s:319:4:323:Infinity":70,"f:319:8:319:9":33,"s:319:20:323:5":71,"s:325:4:339:Infinity":72,"s:326:19:326:82":73,"s:327:6:330:Infinity":74,"f:327:10:327:11":34,"s:327:22:330:7":75,"s:331:6:331:Infinity":76,"s:333:27:333:96":77,"b:333:27:333:52:333:56:333:96":10,"s:334:6:337:Infinity":78,"f:334:10:334:11":35,"s:334:22:337:7":79,"s:338:6:338:Infinity":80,"f:346:16:346:21":36,"s:347:4:351:Infinity":81,"f:347:8:347:9":37,"s:347:20:351:5":82,"s:353:4:372:Infinity":83,"s:354:19:354:94":84,"s:357:6:357:Infinity":85,"s:359:6:362:Infinity":86,"f:359:10:359:11":38,"s:359:22:362:7":87,"s:364:6:364:Infinity":88,"s:366:27:366:81":89,"b:366:27:366:52:366:56:366:81":11,"s:367:6:370:Infinity":90,"f:367:10:367:11":39,"s:367:22:370:7":91,"s:371:6:371:Infinity":92,"f:378:23:378:24":40,"s:379:4:381:Infinity":93,"f:391:27:391:28":41,"s:392:31:392:36":94,"b:393:4:393:Infinity:undefined:undefined:undefined:undefined":12,"s:393:4:393:Infinity":95,"b:393:8:393:23:393:27:393:58":13,"s:393:60:393:Infinity":96,"s:395:20:395:22":97,"s:396:4:410:Infinity":98,"f:396:43:396:44":42,"b:397:6:409:Infinity:undefined:undefined:undefined:undefined":14,"s:397:6:409:Infinity":99,"s:398:8:408:Infinity":100,"f:398:37:398:38":43,"b:399:10:407:Infinity:undefined:undefined:undefined:undefined":15,"s:399:10:407:Infinity":101,"b:399:14:399:34:399:38:399:47":16,"s:400:12:406:Infinity":102,"s:412:4:412:Infinity":103,"f:418:24:418:25":44,"s:419:31:419:36":104,"b:420:4:420:Infinity:undefined:undefined:undefined:undefined":17,"s:420:4:420:Infinity":105,"b:420:8:420:23:420:27:420:56":18,"s:420:58:420:Infinity":106,"s:422:4:429:Infinity":107,"f:423:14:423:15":45,"s:423:24:423:57":108,"b:423:24:423:44:423:48:423:57":19,"f:424:11:424:12":46,"s:424:22:429:7":109,"f:435:23:435:24":47,"s:436:30:436:35":110,"s:437:4:437:Infinity":111,"b:437:11:437:31:437:35:437:37":20,"f:443:26:443:27":48,"s:444:33:444:38":112,"s:445:4:445:Infinity":113,"b:445:11:445:37:445:41:445:43":21,"f:451:27:451:28":49,"s:452:35:452:40":114,"s:453:4:453:Infinity":115,"b:453:11:453:37:453:41:453:43":22,"f:459:19:459:20":50,"s:460:35:460:40":116,"b:461:4:461:Infinity:undefined:undefined:undefined:undefined":23,"s:461:4:461:Infinity":117,"s:461:37:461:Infinity":118,"s:462:4:462:Infinity":119,"f:462:42:462:43":51,"s:462:53:462:73":120,"f:468:28:468:29":52,"b:468:39:468:43":24,"s:469:19:469:50":121,"b:470:4:470:Infinity:undefined:undefined:undefined:undefined":25,"s:470:4:470:Infinity":122,"s:470:29:470:Infinity":123,"s:472:18:474:17":124,"b:473:8:473:Infinity:474:8:474:17":26,"f:473:20:473:21":53,"s:473:27:473:43":125,"s:476:4:476:Infinity":126,"b:476:11:476:27:476:31:476:33":27,"f:486:13:486:14":54,"s:487:40:487:45":127,"s:488:4:488:Infinity":128,"b:488:11:488:25:488:29:488:79":28,"f:488:57:488:58":55,"s:488:66:488:78":129,"f:494:13:494:14":56,"s:495:36:495:41":130,"s:496:4:496:Infinity":131,"b:496:11:496:32:496:36:496:84":29,"f:496:62:496:63":57,"s:496:71:496:83":132,"f:502:16:502:17":58,"s:503:36:503:41":133,"s:504:19:506:57":134,"f:505:14:505:15":59,"s:505:28:505:40":135,"f:506:11:506:12":60,"s:506:28:506:55":136,"b:508:4:510:Infinity:undefined:undefined:undefined:undefined":30,"s:508:4:510:Infinity":137,"s:509:6:509:Infinity":138,"s:512:4:512:Infinity":139,"f:518:15:518:16":61,"s:519:4:528:Infinity":140,"f:534:14:534:15":62,"b:535:4:541:Infinity:537:11:541:Infinity":31,"s:535:4:541:Infinity":141,"s:536:6:536:Infinity":142,"s:538:6:540:Infinity":143,"f:538:10:538:11":63,"s:538:22:540:7":144,"f:547:23:547:24":64,"s:548:4:548:Infinity":145,"f:554:9:554:10":65,"s:555:4:581:Infinity":146,"f:592:19:592:20":66,"b:594:6:596:Infinity:597:6:600:Infinity:601:6:603:Infinity:604:6:606:Infinity:607:6:609:Infinity:610:6:611:Infinity":32,"s:593:4:612:Infinity":147,"s:595:8:595:Infinity":148,"s:596:8:596:Infinity":149,"s:598:8:598:Infinity":150,"s:599:8:599:Infinity":151,"s:600:8:600:Infinity":152,"s:602:8:602:Infinity":153,"s:603:8:603:Infinity":154,"s:605:8:605:Infinity":155,"s:606:8:606:Infinity":156,"s:608:8:608:Infinity":157,"s:609:8:609:Infinity":158,"s:611:8:611:Infinity":159}}}
}
